#
# There is insufficient memory for the Java Runtime Environment to continue.
# Native memory allocation (malloc) failed to allocate 1025936 bytes for Chunk::new
# Possible reasons:
#   The system is out of physical RAM or swap space
#   The process is running with CompressedOops enabled, and the Java Heap may be blocking the growth of the native heap
# Possible solutions:
#   Reduce memory load on the system
#   Increase physical memory or swap space
#   Check if swap backing store is full
#   Decrease Java heap size (-Xmx/-Xms)
#   Decrease number of Java threads
#   Decrease Java thread stack sizes (-Xss)
#   Set larger code cache with -XX:ReservedCodeCacheSize=
#   JVM is running with Unscaled Compressed Oops mode in which the Java heap is
#     placed in the first 4GB address space. The Java Heap base address is the
#     maximum limit for the native heap growth. Please use -XX:HeapBaseMinAddress
#     to set the Java Heap base and to place the Java Heap above 4GB virtual address.
# This output file may be truncated or incomplete.
#
#  Out of Memory Error (t:/workspace/open/src/hotspot/share/memory/arena.cpp:197), pid=8456, tid=6172
#
# JRE version: OpenJDK Runtime Environment (11.0+28) (build 11+28)
# Java VM: OpenJDK 64-Bit Server VM (11+28, mixed mode, tiered, compressed oops, g1 gc, windows-amd64)
# No core dump will be written. Minidumps are not enabled by default on client versions of Windows
#

---------------  S U M M A R Y ------------

Command Line: -javaagent:C:\Program Files\JetBrains\IntelliJ IDEA Community Edition 2021.2.2\lib\idea_rt.jar=60175:C:\Program Files\JetBrains\IntelliJ IDEA Community Edition 2021.2.2\bin -Dfile.encoding=UTF-8 --module-path=C:\Users\Асемгуль\.m2\repository\org\openjfx\javafx-graphics\11.0.2\javafx-graphics-11.0.2-win.jar;C:\java\Chat\demo\target\classes;C:\Users\Асемгуль\.m2\repository\org\kordamp\ikonli\ikonli-javafx\12.2.0\ikonli-javafx-12.2.0.jar;C:\Users\Асемгуль\.m2\repository\com\dlsc\formsfx\formsfx-core\11.3.2\formsfx-core-11.3.2.jar;C:\Users\Асемгуль\.m2\repository\net\synedra\validatorfx\0.1.13\validatorfx-0.1.13.jar;C:\Users\Асемгуль\.m2\repository\org\kordamp\bootstrapfx\bootstrapfx-core\0.4.0\bootstrapfx-core-0.4.0.jar;C:\Users\Асемгуль\.m2\repository\eu\hansolo\tilesfx\11.48\tilesfx-11.48.jar;C:\Users\Асемгуль\.m2\repository\org\openjfx\javafx-fxml\11.0.2\javafx-fxml-11.0.2-win.jar;C:\Users\Асемгуль\.m2\repository\org\openjfx\javafx-web\11.0.2\javafx-web-11.0.2-win.jar;C:\Users\Асемгуль\.m2\repository\org\controlsfx\controlsfx\11.1.0\controlsfx-11.1.0.jar;C:\Users\Асемгуль\.m2\repository\org\openjfx\javafx-controls\11.0.2\javafx-controls-11.0.2-win.jar;C:\Users\Асемгуль\.m2\repository\org\openjfx\javafx-base\11.0.2\javafx-base-11.0.2-win.jar;C:\Users\Асемгуль\.m2\repository\org\openjfx\javafx-media\11.0.2\javafx-media-11.0.2-win.jar;C:\Users\Асемгуль\.m2\repository\org\kordamp\ikonli\ikonli-core\12.2.0\ikonli-core-12.2.0.jar -Djdk.module.main=com.example.demo com.example.demo/com.example.demo.HelloApplication

Host: Intel(R) Core(TM) i3-8130U CPU @ 2.20GHz, 4 cores, 7G,  Windows 10 , 64 bit Build 19041 (10.0.19041.1466)
Time: Tue Jan 25 19:07:22 2022 Центральная Азия (зима) elapsed time: 1 seconds (0d 0h 0m 1s)

---------------  T H R E A D  ---------------

Current thread (0x0000024e793e7000):  JavaThread "C2 CompilerThread0" daemon [_thread_in_native, id=6172, stack(0x0000009413300000,0x0000009413400000)]


Current CompileTask:
C2:   1683 1420   !   4       com.sun.javafx.css.ParsedValueImpl::readBinary (688 bytes)

Stack: [0x0000009413300000,0x0000009413400000]
Native frames: (J=compiled Java code, j=interpreted, Vv=VM code, C=native code)
V  [jvm.dll+0x63adaa]
V  [jvm.dll+0x77852f]
V  [jvm.dll+0x779b18]
V  [jvm.dll+0x77a1d3]
V  [jvm.dll+0x2624c8]
V  [jvm.dll+0xc5b61]
V  [jvm.dll+0xc60fc]
V  [jvm.dll+0x2d0c84]
V  [jvm.dll+0x552d0f]
V  [jvm.dll+0x21e4af]
V  [jvm.dll+0x21b3e6]
V  [jvm.dll+0x198400]
V  [jvm.dll+0x22a4ff]
V  [jvm.dll+0x228b18]
V  [jvm.dll+0x73dc3d]
V  [jvm.dll+0x639e42]
C  [ucrtbase.dll+0x21bb2]
C  [KERNEL32.DLL+0x17034]
C  [ntdll.dll+0x52651]


---------------  P R O C E S S  ---------------

Threads class SMR info:
_java_thread_list=0x0000024e7a8b7dc0, length=17, elements={
0x0000024e5a0a4800, 0x0000024e78b9c000, 0x0000024e793d8800, 0x0000024e79431000,
0x0000024e79432000, 0x0000024e793e7000, 0x0000024e78bc9000, 0x0000024e794a0000,
0x0000024e795b8800, 0x0000024e79f2e800, 0x0000024e79a02000, 0x0000024e79607800,
0x0000024e79c73000, 0x0000024e79c74000, 0x0000024e7a707800, 0x0000024e7a8d4000,
0x0000024e7a620000
}

Java Threads: ( => current thread )
  0x0000024e5a0a4800 JavaThread "main" [_thread_blocked, id=9612, stack(0x0000009412600000,0x0000009412700000)]
  0x0000024e78b9c000 JavaThread "Reference Handler" daemon [_thread_blocked, id=8828, stack(0x0000009412e00000,0x0000009412f00000)]
  0x0000024e793d8800 JavaThread "Finalizer" daemon [_thread_blocked, id=1520, stack(0x0000009412f00000,0x0000009413000000)]
  0x0000024e79431000 JavaThread "Signal Dispatcher" daemon [_thread_blocked, id=8996, stack(0x0000009413100000,0x0000009413200000)]
  0x0000024e79432000 JavaThread "Attach Listener" daemon [_thread_blocked, id=3984, stack(0x0000009413200000,0x0000009413300000)]
=>0x0000024e793e7000 JavaThread "C2 CompilerThread0" daemon [_thread_in_native, id=6172, stack(0x0000009413300000,0x0000009413400000)]
  0x0000024e78bc9000 JavaThread "C1 CompilerThread0" daemon [_thread_blocked, id=16020, stack(0x0000009413400000,0x0000009413500000)]
  0x0000024e794a0000 JavaThread "Sweeper thread" daemon [_thread_blocked, id=15404, stack(0x0000009413500000,0x0000009413600000)]
  0x0000024e795b8800 JavaThread "Common-Cleaner" daemon [_thread_blocked, id=14196, stack(0x0000009413600000,0x0000009413700000)]
  0x0000024e79f2e800 JavaThread "Monitor Ctrl-Break" daemon [_thread_in_native, id=17860, stack(0x0000009413800000,0x0000009413900000)]
  0x0000024e79a02000 JavaThread "Service Thread" daemon [_thread_blocked, id=15784, stack(0x0000009413900000,0x0000009413a00000)]
  0x0000024e79607800 JavaThread "QuantumRenderer-0" daemon [_thread_blocked, id=5648, stack(0x0000009413d00000,0x0000009413e00000)]
  0x0000024e79c73000 JavaThread "InvokeLaterDispatcher" daemon [_thread_blocked, id=17088, stack(0x0000009413e00000,0x0000009413f00000)]
  0x0000024e79c74000 JavaThread "JavaFX Application Thread" [_thread_in_vm, id=17440, stack(0x0000009414000000,0x0000009414100000)]
  0x0000024e7a707800 JavaThread "Thread-1" daemon [_thread_in_native, id=14728, stack(0x0000009414300000,0x0000009414400000)]
  0x0000024e7a8d4000 JavaThread "JavaFX-Launcher" [_thread_blocked, id=2648, stack(0x0000009414400000,0x0000009414500000)]
  0x0000024e7a620000 JavaThread "C2 CompilerThread1" daemon [_thread_in_native, id=16972, stack(0x0000009413700000,0x0000009413800000)]

Other Threads:
  0x0000024e78bc1000 VMThread "VM Thread" [stack: 0x0000009412d00000,0x0000009412e00000] [id=6156]
  0x0000024e79b0b800 WatcherThread [stack: 0x0000009413a00000,0x0000009413b00000] [id=14656]
  0x0000024e5a0bb800 GCTaskThread "GC Thread#0" [stack: 0x0000009412800000,0x0000009412900000] [id=13420]
  0x0000024e799da000 GCTaskThread "GC Thread#1" [stack: 0x0000009413b00000,0x0000009413c00000] [id=16604]
  0x0000024e799da800 GCTaskThread "GC Thread#2" [stack: 0x0000009413c00000,0x0000009413d00000] [id=17028]
  0x0000024e5a0ee800 ConcurrentGCThread "G1 Main Marker" [stack: 0x0000009412900000,0x0000009412a00000] [id=16328]
  0x0000024e5a0f0800 ConcurrentGCThread "G1 Conc#0" [stack: 0x0000009412a00000,0x0000009412b00000] [id=14616]
  0x0000024e78a04800 ConcurrentGCThread "G1 Refine#0" [stack: 0x0000009412b00000,0x0000009412c00000] [id=808]
  0x0000024e78a05800 ConcurrentGCThread "G1 Young RemSet Sampling" [stack: 0x0000009412c00000,0x0000009412d00000] [id=11272]

Threads with active compile tasks:
C2 CompilerThread01420   !   4       com.sun.javafx.css.ParsedValueImpl::readBinary (688 bytes)
C2 CompilerThread11436       4       java.lang.invoke.MethodType::makeImpl (108 bytes)

VM state:not at safepoint (normal execution)

VM Mutex/Monitor currently owned by a thread: None

Heap address: 0x0000000081600000, size: 2026 MB, Compressed Oops mode: 32-bit
Narrow klass base: 0x0000000000000000, Narrow klass shift: 3
Compressed class space size: 1073741824 Address: 0x0000000100000000

Heap:
 garbage-first heap   total 131072K, used 29875K [0x0000000081600000, 0x0000000100000000)
  region size 1024K, 31 young (31744K), 2 survivors (2048K)
 Metaspace       used 18194K, capacity 18689K, committed 18816K, reserved 1064960K
  class space    used 2124K, capacity 2347K, committed 2432K, reserved 1048576K
Heap Regions: E=young(eden), S=young(survivor), O=old, HS=humongous(starts), HC=humongous(continues), CS=collection set, F=free, A=archive, TAMS=top-at-mark-start (previous, next)
|   0|0x0000000081600000, 0x000000008162ce00, 0x0000000081700000| 17%| O|  |TAMS 0x0000000081600000, 0x0000000081600000| Untracked 
|   1|0x0000000081700000, 0x0000000081700000, 0x0000000081800000|  0%| F|  |TAMS 0x0000000081700000, 0x0000000081700000| Untracked 
|   2|0x0000000081800000, 0x0000000081800000, 0x0000000081900000|  0%| F|  |TAMS 0x0000000081800000, 0x0000000081800000| Untracked 
|   3|0x0000000081900000, 0x0000000081900000, 0x0000000081a00000|  0%| F|  |TAMS 0x0000000081900000, 0x0000000081900000| Untracked 
|   4|0x0000000081a00000, 0x0000000081a00000, 0x0000000081b00000|  0%| F|  |TAMS 0x0000000081a00000, 0x0000000081a00000| Untracked 
|   5|0x0000000081b00000, 0x0000000081b00000, 0x0000000081c00000|  0%| F|  |TAMS 0x0000000081b00000, 0x0000000081b00000| Untracked 
|   6|0x0000000081c00000, 0x0000000081c00000, 0x0000000081d00000|  0%| F|  |TAMS 0x0000000081c00000, 0x0000000081c00000| Untracked 
|   7|0x0000000081d00000, 0x0000000081d00000, 0x0000000081e00000|  0%| F|  |TAMS 0x0000000081d00000, 0x0000000081d00000| Untracked 
|   8|0x0000000081e00000, 0x0000000081e00000, 0x0000000081f00000|  0%| F|  |TAMS 0x0000000081e00000, 0x0000000081e00000| Untracked 
|   9|0x0000000081f00000, 0x0000000081f00000, 0x0000000082000000|  0%| F|  |TAMS 0x0000000081f00000, 0x0000000081f00000| Untracked 
|  10|0x0000000082000000, 0x0000000082000000, 0x0000000082100000|  0%| F|  |TAMS 0x0000000082000000, 0x0000000082000000| Untracked 
|  11|0x0000000082100000, 0x0000000082100000, 0x0000000082200000|  0%| F|  |TAMS 0x0000000082100000, 0x0000000082100000| Untracked 
|  12|0x0000000082200000, 0x0000000082200000, 0x0000000082300000|  0%| F|  |TAMS 0x0000000082200000, 0x0000000082200000| Untracked 
|  13|0x0000000082300000, 0x0000000082300000, 0x0000000082400000|  0%| F|  |TAMS 0x0000000082300000, 0x0000000082300000| Untracked 
|  14|0x0000000082400000, 0x0000000082400000, 0x0000000082500000|  0%| F|  |TAMS 0x0000000082400000, 0x0000000082400000| Untracked 
|  15|0x0000000082500000, 0x0000000082500000, 0x0000000082600000|  0%| F|  |TAMS 0x0000000082500000, 0x0000000082500000| Untracked 
|  16|0x0000000082600000, 0x0000000082600000, 0x0000000082700000|  0%| F|  |TAMS 0x0000000082600000, 0x0000000082600000| Untracked 
|  17|0x0000000082700000, 0x0000000082700000, 0x0000000082800000|  0%| F|  |TAMS 0x0000000082700000, 0x0000000082700000| Untracked 
|  18|0x0000000082800000, 0x0000000082800000, 0x0000000082900000|  0%| F|  |TAMS 0x0000000082800000, 0x0000000082800000| Untracked 
|  19|0x0000000082900000, 0x0000000082900000, 0x0000000082a00000|  0%| F|  |TAMS 0x0000000082900000, 0x0000000082900000| Untracked 
|  20|0x0000000082a00000, 0x0000000082a00000, 0x0000000082b00000|  0%| F|  |TAMS 0x0000000082a00000, 0x0000000082a00000| Untracked 
|  21|0x0000000082b00000, 0x0000000082b00000, 0x0000000082c00000|  0%| F|  |TAMS 0x0000000082b00000, 0x0000000082b00000| Untracked 
|  22|0x0000000082c00000, 0x0000000082c00000, 0x0000000082d00000|  0%| F|  |TAMS 0x0000000082c00000, 0x0000000082c00000| Untracked 
|  23|0x0000000082d00000, 0x0000000082d00000, 0x0000000082e00000|  0%| F|  |TAMS 0x0000000082d00000, 0x0000000082d00000| Untracked 
|  24|0x0000000082e00000, 0x0000000082e00000, 0x0000000082f00000|  0%| F|  |TAMS 0x0000000082e00000, 0x0000000082e00000| Untracked 
|  25|0x0000000082f00000, 0x0000000082f00000, 0x0000000083000000|  0%| F|  |TAMS 0x0000000082f00000, 0x0000000082f00000| Untracked 
|  26|0x0000000083000000, 0x0000000083000000, 0x0000000083100000|  0%| F|  |TAMS 0x0000000083000000, 0x0000000083000000| Untracked 
|  27|0x0000000083100000, 0x0000000083100000, 0x0000000083200000|  0%| F|  |TAMS 0x0000000083100000, 0x0000000083100000| Untracked 
|  28|0x0000000083200000, 0x0000000083200000, 0x0000000083300000|  0%| F|  |TAMS 0x0000000083200000, 0x0000000083200000| Untracked 
|  29|0x0000000083300000, 0x0000000083300000, 0x0000000083400000|  0%| F|  |TAMS 0x0000000083300000, 0x0000000083300000| Untracked 
|  30|0x0000000083400000, 0x0000000083400000, 0x0000000083500000|  0%| F|  |TAMS 0x0000000083400000, 0x0000000083400000| Untracked 
|  31|0x0000000083500000, 0x0000000083500000, 0x0000000083600000|  0%| F|  |TAMS 0x0000000083500000, 0x0000000083500000| Untracked 
|  32|0x0000000083600000, 0x0000000083600000, 0x0000000083700000|  0%| F|  |TAMS 0x0000000083600000, 0x0000000083600000| Untracked 
|  33|0x0000000083700000, 0x0000000083700000, 0x0000000083800000|  0%| F|  |TAMS 0x0000000083700000, 0x0000000083700000| Untracked 
|  34|0x0000000083800000, 0x0000000083800000, 0x0000000083900000|  0%| F|  |TAMS 0x0000000083800000, 0x0000000083800000| Untracked 
|  35|0x0000000083900000, 0x0000000083900000, 0x0000000083a00000|  0%| F|  |TAMS 0x0000000083900000, 0x0000000083900000| Untracked 
|  36|0x0000000083a00000, 0x0000000083a00000, 0x0000000083b00000|  0%| F|  |TAMS 0x0000000083a00000, 0x0000000083a00000| Untracked 
|  37|0x0000000083b00000, 0x0000000083b00000, 0x0000000083c00000|  0%| F|  |TAMS 0x0000000083b00000, 0x0000000083b00000| Untracked 
|  38|0x0000000083c00000, 0x0000000083c00000, 0x0000000083d00000|  0%| F|  |TAMS 0x0000000083c00000, 0x0000000083c00000| Untracked 
|  39|0x0000000083d00000, 0x0000000083d00000, 0x0000000083e00000|  0%| F|  |TAMS 0x0000000083d00000, 0x0000000083d00000| Untracked 
|  40|0x0000000083e00000, 0x0000000083e00000, 0x0000000083f00000|  0%| F|  |TAMS 0x0000000083e00000, 0x0000000083e00000| Untracked 
|  41|0x0000000083f00000, 0x0000000083f00000, 0x0000000084000000|  0%| F|  |TAMS 0x0000000083f00000, 0x0000000083f00000| Untracked 
|  42|0x0000000084000000, 0x0000000084000000, 0x0000000084100000|  0%| F|  |TAMS 0x0000000084000000, 0x0000000084000000| Untracked 
|  43|0x0000000084100000, 0x0000000084100000, 0x0000000084200000|  0%| F|  |TAMS 0x0000000084100000, 0x0000000084100000| Untracked 
|  44|0x0000000084200000, 0x0000000084200000, 0x0000000084300000|  0%| F|  |TAMS 0x0000000084200000, 0x0000000084200000| Untracked 
|  45|0x0000000084300000, 0x0000000084300000, 0x0000000084400000|  0%| F|  |TAMS 0x0000000084300000, 0x0000000084300000| Untracked 
|  46|0x0000000084400000, 0x0000000084400000, 0x0000000084500000|  0%| F|  |TAMS 0x0000000084400000, 0x0000000084400000| Untracked 
|  47|0x0000000084500000, 0x0000000084500000, 0x0000000084600000|  0%| F|  |TAMS 0x0000000084500000, 0x0000000084500000| Untracked 
|  48|0x0000000084600000, 0x0000000084600000, 0x0000000084700000|  0%| F|  |TAMS 0x0000000084600000, 0x0000000084600000| Untracked 
|  49|0x0000000084700000, 0x0000000084700000, 0x0000000084800000|  0%| F|  |TAMS 0x0000000084700000, 0x0000000084700000| Untracked 
|  50|0x0000000084800000, 0x0000000084800000, 0x0000000084900000|  0%| F|  |TAMS 0x0000000084800000, 0x0000000084800000| Untracked 
|  51|0x0000000084900000, 0x0000000084900000, 0x0000000084a00000|  0%| F|  |TAMS 0x0000000084900000, 0x0000000084900000| Untracked 
|  52|0x0000000084a00000, 0x0000000084a00000, 0x0000000084b00000|  0%| F|  |TAMS 0x0000000084a00000, 0x0000000084a00000| Untracked 
|  53|0x0000000084b00000, 0x0000000084b00000, 0x0000000084c00000|  0%| F|  |TAMS 0x0000000084b00000, 0x0000000084b00000| Untracked 
|  54|0x0000000084c00000, 0x0000000084c00000, 0x0000000084d00000|  0%| F|  |TAMS 0x0000000084c00000, 0x0000000084c00000| Untracked 
|  55|0x0000000084d00000, 0x0000000084d00000, 0x0000000084e00000|  0%| F|  |TAMS 0x0000000084d00000, 0x0000000084d00000| Untracked 
|  56|0x0000000084e00000, 0x0000000084e00000, 0x0000000084f00000|  0%| F|  |TAMS 0x0000000084e00000, 0x0000000084e00000| Untracked 
|  57|0x0000000084f00000, 0x0000000084f00000, 0x0000000085000000|  0%| F|  |TAMS 0x0000000084f00000, 0x0000000084f00000| Untracked 
|  58|0x0000000085000000, 0x0000000085000000, 0x0000000085100000|  0%| F|  |TAMS 0x0000000085000000, 0x0000000085000000| Untracked 
|  59|0x0000000085100000, 0x0000000085100000, 0x0000000085200000|  0%| F|  |TAMS 0x0000000085100000, 0x0000000085100000| Untracked 
|  60|0x0000000085200000, 0x0000000085200000, 0x0000000085300000|  0%| F|  |TAMS 0x0000000085200000, 0x0000000085200000| Untracked 
|  61|0x0000000085300000, 0x0000000085300000, 0x0000000085400000|  0%| F|  |TAMS 0x0000000085300000, 0x0000000085300000| Untracked 
|  62|0x0000000085400000, 0x0000000085400000, 0x0000000085500000|  0%| F|  |TAMS 0x0000000085400000, 0x0000000085400000| Untracked 
|  63|0x0000000085500000, 0x0000000085500000, 0x0000000085600000|  0%| F|  |TAMS 0x0000000085500000, 0x0000000085500000| Untracked 
|  64|0x0000000085600000, 0x0000000085600000, 0x0000000085700000|  0%| F|  |TAMS 0x0000000085600000, 0x0000000085600000| Untracked 
|  65|0x0000000085700000, 0x0000000085700000, 0x0000000085800000|  0%| F|  |TAMS 0x0000000085700000, 0x0000000085700000| Untracked 
|  66|0x0000000085800000, 0x0000000085800000, 0x0000000085900000|  0%| F|  |TAMS 0x0000000085800000, 0x0000000085800000| Untracked 
|  67|0x0000000085900000, 0x0000000085900000, 0x0000000085a00000|  0%| F|  |TAMS 0x0000000085900000, 0x0000000085900000| Untracked 
|  68|0x0000000085a00000, 0x0000000085a00000, 0x0000000085b00000|  0%| F|  |TAMS 0x0000000085a00000, 0x0000000085a00000| Untracked 
|  69|0x0000000085b00000, 0x0000000085b00000, 0x0000000085c00000|  0%| F|  |TAMS 0x0000000085b00000, 0x0000000085b00000| Untracked 
|  70|0x0000000085c00000, 0x0000000085c00000, 0x0000000085d00000|  0%| F|  |TAMS 0x0000000085c00000, 0x0000000085c00000| Untracked 
|  71|0x0000000085d00000, 0x0000000085d00000, 0x0000000085e00000|  0%| F|  |TAMS 0x0000000085d00000, 0x0000000085d00000| Untracked 
|  72|0x0000000085e00000, 0x0000000085e00000, 0x0000000085f00000|  0%| F|  |TAMS 0x0000000085e00000, 0x0000000085e00000| Untracked 
|  73|0x0000000085f00000, 0x0000000085f00000, 0x0000000086000000|  0%| F|  |TAMS 0x0000000085f00000, 0x0000000085f00000| Untracked 
|  74|0x0000000086000000, 0x0000000086000000, 0x0000000086100000|  0%| F|  |TAMS 0x0000000086000000, 0x0000000086000000| Untracked 
|  75|0x0000000086100000, 0x0000000086100000, 0x0000000086200000|  0%| F|  |TAMS 0x0000000086100000, 0x0000000086100000| Untracked 
|  76|0x0000000086200000, 0x0000000086200000, 0x0000000086300000|  0%| F|  |TAMS 0x0000000086200000, 0x0000000086200000| Untracked 
|  77|0x0000000086300000, 0x0000000086300000, 0x0000000086400000|  0%| F|  |TAMS 0x0000000086300000, 0x0000000086300000| Untracked 
|  78|0x0000000086400000, 0x0000000086400000, 0x0000000086500000|  0%| F|  |TAMS 0x0000000086400000, 0x0000000086400000| Untracked 
|  79|0x0000000086500000, 0x0000000086500000, 0x0000000086600000|  0%| F|  |TAMS 0x0000000086500000, 0x0000000086500000| Untracked 
|  80|0x0000000086600000, 0x0000000086600000, 0x0000000086700000|  0%| F|  |TAMS 0x0000000086600000, 0x0000000086600000| Untracked 
|  81|0x0000000086700000, 0x0000000086700000, 0x0000000086800000|  0%| F|  |TAMS 0x0000000086700000, 0x0000000086700000| Untracked 
|  82|0x0000000086800000, 0x0000000086800000, 0x0000000086900000|  0%| F|  |TAMS 0x0000000086800000, 0x0000000086800000| Untracked 
|  83|0x0000000086900000, 0x0000000086900000, 0x0000000086a00000|  0%| F|  |TAMS 0x0000000086900000, 0x0000000086900000| Untracked 
|  84|0x0000000086a00000, 0x0000000086a00000, 0x0000000086b00000|  0%| F|  |TAMS 0x0000000086a00000, 0x0000000086a00000| Untracked 
|  85|0x0000000086b00000, 0x0000000086b00000, 0x0000000086c00000|  0%| F|  |TAMS 0x0000000086b00000, 0x0000000086b00000| Untracked 
|  86|0x0000000086c00000, 0x0000000086c00000, 0x0000000086d00000|  0%| F|  |TAMS 0x0000000086c00000, 0x0000000086c00000| Untracked 
|  87|0x0000000086d00000, 0x0000000086d00000, 0x0000000086e00000|  0%| F|  |TAMS 0x0000000086d00000, 0x0000000086d00000| Untracked 
|  88|0x0000000086e00000, 0x0000000086e00000, 0x0000000086f00000|  0%| F|  |TAMS 0x0000000086e00000, 0x0000000086e00000| Untracked 
|  89|0x0000000086f00000, 0x0000000086f00000, 0x0000000087000000|  0%| F|  |TAMS 0x0000000086f00000, 0x0000000086f00000| Untracked 
|  90|0x0000000087000000, 0x0000000087000000, 0x0000000087100000|  0%| F|  |TAMS 0x0000000087000000, 0x0000000087000000| Untracked 
|  91|0x0000000087100000, 0x0000000087100000, 0x0000000087200000|  0%| F|  |TAMS 0x0000000087100000, 0x0000000087100000| Untracked 
|  92|0x0000000087200000, 0x0000000087200000, 0x0000000087300000|  0%| F|  |TAMS 0x0000000087200000, 0x0000000087200000| Untracked 
|  93|0x0000000087300000, 0x0000000087300000, 0x0000000087400000|  0%| F|  |TAMS 0x0000000087300000, 0x0000000087300000| Untracked 
|  94|0x0000000087400000, 0x0000000087400000, 0x0000000087500000|  0%| F|  |TAMS 0x0000000087400000, 0x0000000087400000| Untracked 
|  95|0x0000000087500000, 0x0000000087500000, 0x0000000087600000|  0%| F|  |TAMS 0x0000000087500000, 0x0000000087500000| Untracked 
|  96|0x0000000087600000, 0x0000000087600000, 0x0000000087700000|  0%| F|  |TAMS 0x0000000087600000, 0x0000000087600000| Untracked 
|  97|0x0000000087700000, 0x0000000087800000, 0x0000000087800000|100%| E|  |TAMS 0x0000000087700000, 0x0000000087700000| Complete 
|  98|0x0000000087800000, 0x0000000087900000, 0x0000000087900000|100%| E|CS|TAMS 0x0000000087800000, 0x0000000087800000| Complete 
|  99|0x0000000087900000, 0x0000000087a00000, 0x0000000087a00000|100%| E|CS|TAMS 0x0000000087900000, 0x0000000087900000| Complete 
| 100|0x0000000087a00000, 0x0000000087b00000, 0x0000000087b00000|100%| E|CS|TAMS 0x0000000087a00000, 0x0000000087a00000| Complete 
| 101|0x0000000087b00000, 0x0000000087c00000, 0x0000000087c00000|100%| E|CS|TAMS 0x0000000087b00000, 0x0000000087b00000| Complete 
| 102|0x0000000087c00000, 0x0000000087d00000, 0x0000000087d00000|100%| E|CS|TAMS 0x0000000087c00000, 0x0000000087c00000| Complete 
| 103|0x0000000087d00000, 0x0000000087e00000, 0x0000000087e00000|100%| E|  |TAMS 0x0000000087d00000, 0x0000000087d00000| Complete 
| 104|0x0000000087e00000, 0x0000000087f00000, 0x0000000087f00000|100%| E|CS|TAMS 0x0000000087e00000, 0x0000000087e00000| Complete 
| 105|0x0000000087f00000, 0x0000000088000000, 0x0000000088000000|100%| E|CS|TAMS 0x0000000087f00000, 0x0000000087f00000| Complete 
| 106|0x0000000088000000, 0x0000000088100000, 0x0000000088100000|100%| E|CS|TAMS 0x0000000088000000, 0x0000000088000000| Complete 
| 107|0x0000000088100000, 0x0000000088200000, 0x0000000088200000|100%| E|CS|TAMS 0x0000000088100000, 0x0000000088100000| Complete 
| 108|0x0000000088200000, 0x0000000088300000, 0x0000000088300000|100%| E|CS|TAMS 0x0000000088200000, 0x0000000088200000| Complete 
| 109|0x0000000088300000, 0x0000000088400000, 0x0000000088400000|100%| E|CS|TAMS 0x0000000088300000, 0x0000000088300000| Complete 
| 110|0x0000000088400000, 0x0000000088500000, 0x0000000088500000|100%| E|CS|TAMS 0x0000000088400000, 0x0000000088400000| Complete 
| 111|0x0000000088500000, 0x0000000088600000, 0x0000000088600000|100%| E|CS|TAMS 0x0000000088500000, 0x0000000088500000| Complete 
| 112|0x0000000088600000, 0x0000000088700000, 0x0000000088700000|100%| S|CS|TAMS 0x0000000088600000, 0x0000000088600000| Complete 
| 113|0x0000000088700000, 0x0000000088800000, 0x0000000088800000|100%| S|CS|TAMS 0x0000000088700000, 0x0000000088700000| Complete 
| 114|0x0000000088800000, 0x0000000088900000, 0x0000000088900000|100%| E|CS|TAMS 0x0000000088800000, 0x0000000088800000| Complete 
| 115|0x0000000088900000, 0x0000000088a00000, 0x0000000088a00000|100%| E|CS|TAMS 0x0000000088900000, 0x0000000088900000| Complete 
| 116|0x0000000088a00000, 0x0000000088b00000, 0x0000000088b00000|100%| E|CS|TAMS 0x0000000088a00000, 0x0000000088a00000| Complete 
| 117|0x0000000088b00000, 0x0000000088c00000, 0x0000000088c00000|100%| E|CS|TAMS 0x0000000088b00000, 0x0000000088b00000| Complete 
| 118|0x0000000088c00000, 0x0000000088d00000, 0x0000000088d00000|100%| E|CS|TAMS 0x0000000088c00000, 0x0000000088c00000| Complete 
| 119|0x0000000088d00000, 0x0000000088e00000, 0x0000000088e00000|100%| E|CS|TAMS 0x0000000088d00000, 0x0000000088d00000| Complete 
| 120|0x0000000088e00000, 0x0000000088f00000, 0x0000000088f00000|100%| E|CS|TAMS 0x0000000088e00000, 0x0000000088e00000| Complete 
| 121|0x0000000088f00000, 0x0000000089000000, 0x0000000089000000|100%| E|CS|TAMS 0x0000000088f00000, 0x0000000088f00000| Complete 
| 122|0x0000000089000000, 0x0000000089100000, 0x0000000089100000|100%| E|CS|TAMS 0x0000000089000000, 0x0000000089000000| Complete 
| 123|0x0000000089100000, 0x0000000089200000, 0x0000000089200000|100%| E|CS|TAMS 0x0000000089100000, 0x0000000089100000| Complete 
| 124|0x0000000089200000, 0x0000000089300000, 0x0000000089300000|100%| E|CS|TAMS 0x0000000089200000, 0x0000000089200000| Complete 
| 125|0x0000000089300000, 0x0000000089400000, 0x0000000089400000|100%| E|CS|TAMS 0x0000000089300000, 0x0000000089300000| Complete 
| 126|0x0000000089400000, 0x0000000089500000, 0x0000000089500000|100%| E|CS|TAMS 0x0000000089400000, 0x0000000089400000| Complete 
| 127|0x0000000089500000, 0x0000000089600000, 0x0000000089600000|100%| E|CS|TAMS 0x0000000089500000, 0x0000000089500000| Complete 

Card table byte_map: [0x0000024e71de0000,0x0000024e721e0000] _byte_map_base: 0x0000024e719d5000

Marking Bits (Prev, Next): (CMBitMap*) 0x0000024e5a0e5938, (CMBitMap*) 0x0000024e5a0e5970
 Prev Bits: [0x0000024e725e0000, 0x0000024e74588000)
 Next Bits: [0x0000024e74590000, 0x0000024e76538000)

Polling page: 0x0000024e5a020000

Metaspace:

Usage:
  Non-class:     15.96 MB capacity,    15.70 MB ( 98%) used,   213.14 KB (  1%) free+waste,    54.44 KB ( <1%) overhead. 
      Class:      2.29 MB capacity,     2.08 MB ( 91%) used,   192.97 KB (  8%) free+waste,    27.19 KB (  1%) overhead. 
       Both:     18.25 MB capacity,    17.77 MB ( 97%) used,   406.11 KB (  2%) free+waste,    81.63 KB ( <1%) overhead. 

Virtual space:
  Non-class space:       16.00 MB reserved,      16.00 MB (100%) committed 
      Class space:        1.00 GB reserved,       2.38 MB ( <1%) committed 
             Both:        1.02 GB reserved,      18.38 MB (  2%) committed 

Chunk freelists:
   Non-Class:  5.25 KB
       Class:  2.63 KB
        Both:  7.88 KB

CodeHeap 'non-profiled nmethods': size=120064Kb used=568Kb max_used=568Kb free=119495Kb
 bounds [0x0000024e69e80000, 0x0000024e6a0f0000, 0x0000024e713c0000]
CodeHeap 'profiled nmethods': size=120000Kb used=2755Kb max_used=2755Kb free=117244Kb
 bounds [0x0000024e62950000, 0x0000024e62c10000, 0x0000024e69e80000]
CodeHeap 'non-nmethods': size=5696Kb used=1210Kb max_used=1214Kb free=4485Kb
 bounds [0x0000024e623c0000, 0x0000024e62630000, 0x0000024e62950000]
 total_blobs=2415 nmethods=1480 adapters=489
 compilation: enabled
              stopped_count=0, restarted_count=0
 full_count=0

Compilation events (10 events):
Event: 1.664 Thread 0x0000024e78bc9000 1471       3       com.sun.org.apache.xerces.internal.impl.XMLEntityScanner::checkBeforeLoad (140 bytes)
Event: 1.665 Thread 0x0000024e78bc9000 nmethod 1471 0x0000024e62bfab90 code [0x0000024e62bfada0, 0x0000024e62bfb340]
Event: 1.667 Thread 0x0000024e78bc9000 1473       3       com.sun.org.apache.xerces.internal.util.XMLChar::isSpace (22 bytes)
Event: 1.667 Thread 0x0000024e78bc9000 nmethod 1473 0x0000024e62bfb510 code [0x0000024e62bfb6c0, 0x0000024e62bfb8d8]
Event: 1.668 Thread 0x0000024e78bc9000 1474       3       jdk.internal.reflect.ClassFileAssembler::emitShort (24 bytes)
Event: 1.668 Thread 0x0000024e78bc9000 nmethod 1474 0x0000024e62bfb990 code [0x0000024e62bfbb80, 0x0000024e62bfbee0]
Event: 1.668 Thread 0x0000024e78bc9000 1475       3       jdk.internal.reflect.ByteVectorImpl::getLength (7 bytes)
Event: 1.668 Thread 0x0000024e78bc9000 nmethod 1475 0x0000024e62bfc090 code [0x0000024e62bfc240, 0x0000024e62bfc398]
Event: 1.668 Thread 0x0000024e78bc9000 1476       3       jdk.internal.reflect.ByteVectorImpl::get (26 bytes)
Event: 1.668 Thread 0x0000024e78bc9000 nmethod 1476 0x0000024e62bfc410 code [0x0000024e62bfc5e0, 0x0000024e62bfc810]

GC Heap History (2 events):
Event: 0.805 GC heap before
{Heap before GC invocations=0 (full 0):
 garbage-first heap   total 131072K, used 14336K [0x0000000081600000, 0x0000000100000000)
  region size 1024K, 14 young (14336K), 0 survivors (0K)
 Metaspace       used 9040K, capacity 9277K, committed 9472K, reserved 1058816K
  class space    used 900K, capacity 1013K, committed 1024K, reserved 1048576K
}
Event: 0.811 GC heap after
{Heap after GC invocations=1 (full 0):
 garbage-first heap   total 131072K, used 2227K [0x0000000081600000, 0x0000000100000000)
  region size 1024K, 2 young (2048K), 2 survivors (2048K)
 Metaspace       used 9040K, capacity 9277K, committed 9472K, reserved 1058816K
  class space    used 900K, capacity 1013K, committed 1024K, reserved 1048576K
}

Deoptimization events (10 events):
Event: 1.228 Thread 0x0000024e5a0a4800 Uncommon trap: reason=unstable_if action=reinterpret pc=0x0000024e69ece4b8 method=jdk.internal.org.objectweb.asm.Type.getArgumentsAndReturnSizes(Ljava/lang/String;)I @ 88 c2
Event: 1.277 Thread 0x0000024e79c74000 Uncommon trap: reason=unstable_fused_if action=reinterpret pc=0x0000024e69ee0650 method=jdk.internal.org.objectweb.asm.Frame.execute(IILjdk/internal/org/objectweb/asm/ClassWriter;Ljdk/internal/org/objectweb/asm/Item;)V @ 1 c2
Event: 1.496 Thread 0x0000024e79c74000 Uncommon trap: reason=bimorphic_or_optimized_type_check action=maybe_recompile pc=0x0000024e69ef2e74 method=java.util.HashMap.putVal(ILjava/lang/Object;Ljava/lang/Object;ZZ)Ljava/lang/Object; @ 152 c2
Event: 1.502 Thread 0x0000024e79c74000 Uncommon trap: reason=bimorphic_or_optimized_type_check action=maybe_recompile pc=0x0000024e69ef2d64 method=java.util.HashMap.putVal(ILjava/lang/Object;Ljava/lang/Object;ZZ)Ljava/lang/Object; @ 56 c2
Event: 1.507 Thread 0x0000024e79c74000 Uncommon trap: reason=unstable_if action=reinterpret pc=0x0000024e69ed0668 method=java.lang.StringUTF16.indexOfLatin1Unsafe([BI[BII)I @ 165 c2
Event: 1.555 Thread 0x0000024e79c74000 Uncommon trap: reason=unstable_if action=reinterpret pc=0x0000024e69ef2c58 method=java.util.HashMap.putVal(ILjava/lang/Object;Ljava/lang/Object;ZZ)Ljava/lang/Object; @ 162 c2
Event: 1.555 Thread 0x0000024e79c74000 Uncommon trap: reason=unstable_if action=reinterpret pc=0x0000024e69eef5c4 method=java.util.HashMap.putVal(ILjava/lang/Object;Ljava/lang/Object;ZZ)Ljava/lang/Object; @ 162 c2
Event: 1.555 Thread 0x0000024e79c74000 Uncommon trap: reason=unstable_if action=reinterpret pc=0x0000024e69efb548 method=java.util.HashMap.getNode(ILjava/lang/Object;)Ljava/util/HashMap$Node; @ 84 c2
Event: 1.556 Thread 0x0000024e79c74000 Uncommon trap: reason=unstable_if action=reinterpret pc=0x0000024e69eec208 method=java.util.HashMap.getNode(ILjava/lang/Object;)Ljava/util/HashMap$Node; @ 84 c2
Event: 1.557 Thread 0x0000024e79c74000 Uncommon trap: reason=unstable_if action=reinterpret pc=0x0000024e69eb6d24 method=java.util.HashMap.resize()[Ljava/util/HashMap$Node; @ 203 c2

Classes redefined (0 events):
No events

Internal exceptions (10 events):
Event: 1.310 Thread 0x0000024e79c74000 Exception <a 'java/lang/NoSuchMethodError'{0x0000000088851c78}: java.lang.invoke.DirectMethodHandle$Holder.invokeStatic(Ljava/lang/Object;Ljava/lang/Object;Ljava/lang/Object;Ljava/lang/Object;Ljava/lang/Object;Ljava/lang/Object;Ljava/lang/Object;Ljava/lan
Event: 1.311 Thread 0x0000024e79c74000 Exception <a 'java/lang/NoSuchMethodError'{0x000000008885f9d8}: java.lang.invoke.DirectMethodHandle$Holder.invokeStatic(Ljava/lang/Object;Ljava/lang/Object;Ljava/lang/Object;Ljava/lang/Object;Ljava/lang/Object;Ljava/lang/Object;Ljava/lang/Object;Ljava/lan
Event: 1.312 Thread 0x0000024e79c74000 Exception <a 'java/lang/NoSuchMethodError'{0x000000008886d640}: java.lang.invoke.DirectMethodHandle$Holder.invokeSpecial(Ljava/lang/Object;Ljava/lang/Object;IILjava/lang/Object;Ljava/lang/Object;Ljava/lang/Object;)Ljava/lang/Object;> (0x000000008886d640) 
Event: 1.313 Thread 0x0000024e79c74000 Exception <a 'java/lang/NoSuchMethodError'{0x0000000088870bc8}: java.lang.invoke.DelegatingMethodHandle$Holder.reinvoke_L(Ljava/lang/Object;IILjava/lang/Object;Ljava/lang/Object;Ljava/lang/Object;)Ljava/lang/Object;> (0x0000000088870bc8) thrown at [t:/wor
Event: 1.313 Thread 0x0000024e79c74000 Exception <a 'java/lang/NoSuchMethodError'{0x0000000088874d50}: java.lang.invoke.DirectMethodHandle$Holder.invokeStatic(Ljava/lang/Object;Ljava/lang/Object;Ljava/lang/Object;Ljava/lang/Object;I)Ljava/lang/Object;> (0x0000000088874d50) thrown at [t:/worksp
Event: 1.326 Thread 0x0000024e79c74000 Exception <a 'sun/nio/fs/WindowsException'{0x00000000888e9428}> (0x00000000888e9428) thrown at [t:/workspace/open/src/hotspot/share/prims/jni.cpp, line 615]
Event: 1.408 Thread 0x0000024e79c74000 Exception <a 'java/lang/NoSuchMethodError'{0x0000000088204f78}: java.lang.invoke.DirectMethodHandle$Holder.invokeStaticInit(Ljava/lang/Object;Ljava/lang/Object;Ljava/lang/Object;Ljava/lang/Object;)Ljava/lang/Object;> (0x0000000088204f78) thrown at [t:/wor
Event: 1.409 Thread 0x0000024e79c74000 Exception <a 'java/lang/NullPointerException'{0x0000000088213158}> (0x0000000088213158) thrown at [t:/workspace/open/src/hotspot/share/interpreter/linkResolver.cpp, line 1372]
Event: 1.409 Thread 0x0000024e79c74000 Exception <a 'java/lang/NullPointerException'{0x0000000088213158}> (0x0000000088213158) thrown at [t:/workspace/open/src/hotspot/share/prims/jvm.cpp, line 1312]
Event: 1.590 Thread 0x0000024e79c74000 Exception <a 'java/lang/NoSuchMethodError'{0x0000000087bfbfb0}: java.lang.invoke.DirectMethodHandle$Holder.invokeStaticInit(Ljava/lang/Object;Ljava/lang/Object;)V> (0x0000000087bfbfb0) thrown at [t:/workspace/open/src/hotspot/share/interpreter/linkResolve

Events (10 events):
Event: 1.633 loading class sun/reflect/generics/tree/TypeVariableSignature
Event: 1.633 loading class sun/reflect/generics/tree/TypeVariableSignature done
Event: 1.633 loading class sun/reflect/generics/reflectiveObjects/TypeVariableImpl
Event: 1.634 loading class sun/reflect/generics/reflectiveObjects/LazyReflectiveObjectGenerator
Event: 1.634 loading class sun/reflect/generics/reflectiveObjects/LazyReflectiveObjectGenerator done
Event: 1.634 loading class sun/reflect/generics/reflectiveObjects/TypeVariableImpl done
Event: 1.669 loading class com/sun/org/apache/xerces/internal/impl/io/MalformedByteSequenceException
Event: 1.669 loading class java/io/CharConversionException
Event: 1.669 loading class java/io/CharConversionException done
Event: 1.669 loading class com/sun/org/apache/xerces/internal/impl/io/MalformedByteSequenceException done


Dynamic libraries:
0x00007ff76adf0000 - 0x00007ff76ae35000 	C:\jdk-11\bin\java.exe
0x00007ffe721d0000 - 0x00007ffe723c5000 	C:\WINDOWS\SYSTEM32\ntdll.dll
0x00007ffe71420000 - 0x00007ffe714de000 	C:\WINDOWS\System32\KERNEL32.DLL
0x00007ffe6fa70000 - 0x00007ffe6fd38000 	C:\WINDOWS\System32\KERNELBASE.dll
0x00007ffe70e90000 - 0x00007ffe71031000 	C:\WINDOWS\System32\USER32.dll
0x00007ffe6f9f0000 - 0x00007ffe6fa12000 	C:\WINDOWS\System32\win32u.dll
0x00007ffe72130000 - 0x00007ffe7215b000 	C:\WINDOWS\System32\GDI32.dll
0x00007ffe6f8e0000 - 0x00007ffe6f9ed000 	C:\WINDOWS\System32\gdi32full.dll
0x00007ffe6ff00000 - 0x00007ffe6ff9d000 	C:\WINDOWS\System32\msvcp_win.dll
0x00007ffe70030000 - 0x00007ffe70130000 	C:\WINDOWS\System32\ucrtbase.dll
0x00007ffe5cbe0000 - 0x00007ffe5ce7a000 	C:\WINDOWS\WinSxS\amd64_microsoft.windows.common-controls_6595b64144ccf1df_6.0.19041.1110_none_60b5254171f9507e\COMCTL32.dll
0x00007ffe70b70000 - 0x00007ffe70c0e000 	C:\WINDOWS\System32\msvcrt.dll
0x00007ffe719d0000 - 0x00007ffe71a00000 	C:\WINDOWS\System32\IMM32.DLL
0x00007ffe69a00000 - 0x00007ffe69a16000 	C:\jdk-11\bin\vcruntime140.dll
0x00007ffe69950000 - 0x00007ffe699fa000 	C:\jdk-11\bin\msvcp140.dll
0x00007ffe357a0000 - 0x00007ffe362e1000 	C:\jdk-11\bin\server\jvm.dll
0x00007ffe70ac0000 - 0x00007ffe70b6e000 	C:\WINDOWS\System32\ADVAPI32.dll
0x00007ffe71380000 - 0x00007ffe7141c000 	C:\WINDOWS\System32\sechost.dll
0x00007ffe710f0000 - 0x00007ffe71215000 	C:\WINDOWS\System32\RPCRT4.dll
0x00007ffe70c10000 - 0x00007ffe70c18000 	C:\WINDOWS\System32\PSAPI.DLL
0x00007ffe48ef0000 - 0x00007ffe48ef9000 	C:\WINDOWS\SYSTEM32\WSOCK32.dll
0x00007ffe71310000 - 0x00007ffe7137b000 	C:\WINDOWS\System32\WS2_32.dll
0x00007ffe5f680000 - 0x00007ffe5f6a7000 	C:\WINDOWS\SYSTEM32\WINMM.dll
0x00007ffe6a5c0000 - 0x00007ffe6a5ca000 	C:\WINDOWS\SYSTEM32\VERSION.dll
0x00007ffe6d7a0000 - 0x00007ffe6d7b2000 	C:\WINDOWS\SYSTEM32\kernel.appcore.dll
0x00007ffe69930000 - 0x00007ffe69941000 	C:\jdk-11\bin\verify.dll
0x00007ffe68500000 - 0x00007ffe686e4000 	C:\WINDOWS\SYSTEM32\DBGHELP.DLL
0x00007ffe68780000 - 0x00007ffe687ac000 	C:\WINDOWS\SYSTEM32\dbgcore.DLL
0x00007ffe6ffa0000 - 0x00007ffe70022000 	C:\WINDOWS\System32\bcryptPrimitives.dll
0x00007ffe69900000 - 0x00007ffe69928000 	C:\jdk-11\bin\java.dll
0x00007ffe68890000 - 0x00007ffe688bf000 	C:\jdk-11\bin\instrument.dll
0x00007ffe698e0000 - 0x00007ffe698f6000 	C:\jdk-11\bin\zip.dll
0x00007ffe6b590000 - 0x00007ffe6b59a000 	C:\jdk-11\bin\jimage.dll
0x00007ffe70310000 - 0x00007ffe70a54000 	C:\WINDOWS\System32\SHELL32.dll
0x00007ffe6d9a0000 - 0x00007ffe6e135000 	C:\WINDOWS\SYSTEM32\windows.storage.dll
0x00007ffe71dd0000 - 0x00007ffe72125000 	C:\WINDOWS\System32\combase.dll
0x00007ffe6f300000 - 0x00007ffe6f32e000 	C:\WINDOWS\SYSTEM32\Wldp.dll
0x00007ffe71040000 - 0x00007ffe710ed000 	C:\WINDOWS\System32\SHCORE.dll
0x00007ffe714f0000 - 0x00007ffe71545000 	C:\WINDOWS\System32\shlwapi.dll
0x00007ffe6f7f0000 - 0x00007ffe6f80f000 	C:\WINDOWS\SYSTEM32\profapi.dll
0x00007ffe698c0000 - 0x00007ffe698d9000 	C:\jdk-11\bin\net.dll
0x00007ffe663d0000 - 0x00007ffe664dc000 	C:\WINDOWS\SYSTEM32\WINHTTP.dll
0x00007ffe6f060000 - 0x00007ffe6f0ca000 	C:\WINDOWS\system32\mswsock.dll
0x00007ffe698a0000 - 0x00007ffe698b3000 	C:\jdk-11\bin\nio.dll
0x00007ffe69880000 - 0x00007ffe6989a000 	C:\Program Files\JetBrains\IntelliJ IDEA Community Edition 2021.2.2\bin\breakgen64.dll
0x0000024e5a070000 - 0x0000024e5a073000 	C:\jdk-11\bin\api-ms-win-core-console-l1-1-0.dll
0x0000024e7a0e0000 - 0x0000024e7a0e3000 	C:\jdk-11\bin\api-ms-win-core-datetime-l1-1-0.dll
0x0000024e7a0f0000 - 0x0000024e7a0f3000 	C:\jdk-11\bin\api-ms-win-core-debug-l1-1-0.dll
0x0000024e7a100000 - 0x0000024e7a103000 	C:\jdk-11\bin\api-ms-win-core-errorhandling-l1-1-0.dll
0x0000024e7a110000 - 0x0000024e7a114000 	C:\jdk-11\bin\api-ms-win-core-file-l1-1-0.dll
0x0000024e7a120000 - 0x0000024e7a123000 	C:\jdk-11\bin\api-ms-win-core-file-l1-2-0.dll
0x0000024e7a130000 - 0x0000024e7a133000 	C:\jdk-11\bin\api-ms-win-core-file-l2-1-0.dll
0x0000024e7a140000 - 0x0000024e7a143000 	C:\jdk-11\bin\api-ms-win-core-handle-l1-1-0.dll
0x0000024e7a150000 - 0x0000024e7a153000 	C:\jdk-11\bin\api-ms-win-core-heap-l1-1-0.dll
0x0000024e7a160000 - 0x0000024e7a163000 	C:\jdk-11\bin\api-ms-win-core-interlocked-l1-1-0.dll
0x0000024e7a170000 - 0x0000024e7a173000 	C:\jdk-11\bin\api-ms-win-core-libraryloader-l1-1-0.dll
0x0000024e7a180000 - 0x0000024e7a183000 	C:\jdk-11\bin\api-ms-win-core-localization-l1-2-0.dll
0x0000024e7a190000 - 0x0000024e7a193000 	C:\jdk-11\bin\api-ms-win-core-memory-l1-1-0.dll
0x0000024e7a1a0000 - 0x0000024e7a1a3000 	C:\jdk-11\bin\api-ms-win-core-namedpipe-l1-1-0.dll
0x0000024e7a1b0000 - 0x0000024e7a1b3000 	C:\jdk-11\bin\api-ms-win-core-processenvironment-l1-1-0.dll
0x0000024e7a1c0000 - 0x0000024e7a1c3000 	C:\jdk-11\bin\api-ms-win-core-processthreads-l1-1-0.dll
0x0000024e7a1d0000 - 0x0000024e7a1d3000 	C:\jdk-11\bin\api-ms-win-core-processthreads-l1-1-1.dll
0x0000024e7a1e0000 - 0x0000024e7a1e3000 	C:\jdk-11\bin\api-ms-win-core-profile-l1-1-0.dll
0x0000024e7a1f0000 - 0x0000024e7a1f3000 	C:\jdk-11\bin\api-ms-win-core-rtlsupport-l1-1-0.dll
0x0000024e7a200000 - 0x0000024e7a203000 	C:\jdk-11\bin\api-ms-win-core-string-l1-1-0.dll
0x0000024e7a210000 - 0x0000024e7a213000 	C:\jdk-11\bin\api-ms-win-core-synch-l1-1-0.dll
0x0000024e7a220000 - 0x0000024e7a223000 	C:\jdk-11\bin\api-ms-win-core-synch-l1-2-0.dll
0x0000024e7a230000 - 0x0000024e7a233000 	C:\jdk-11\bin\api-ms-win-core-sysinfo-l1-1-0.dll
0x0000024e7a240000 - 0x0000024e7a243000 	C:\jdk-11\bin\api-ms-win-core-timezone-l1-1-0.dll
0x0000024e7a250000 - 0x0000024e7a253000 	C:\jdk-11\bin\api-ms-win-core-util-l1-1-0.dll
0x0000024e7a260000 - 0x0000024e7a263000 	C:\jdk-11\bin\api-ms-win-crt-conio-l1-1-0.dll
0x0000024e7a270000 - 0x0000024e7a274000 	C:\jdk-11\bin\api-ms-win-crt-convert-l1-1-0.dll
0x0000024e7a280000 - 0x0000024e7a283000 	C:\jdk-11\bin\api-ms-win-crt-environment-l1-1-0.dll
0x0000024e7a290000 - 0x0000024e7a293000 	C:\jdk-11\bin\api-ms-win-crt-filesystem-l1-1-0.dll
0x0000024e7a2a0000 - 0x0000024e7a2a3000 	C:\jdk-11\bin\api-ms-win-crt-heap-l1-1-0.dll
0x0000024e7a2b0000 - 0x0000024e7a2b3000 	C:\jdk-11\bin\api-ms-win-crt-locale-l1-1-0.dll
0x0000024e7a2c0000 - 0x0000024e7a2c5000 	C:\jdk-11\bin\api-ms-win-crt-math-l1-1-0.dll
0x0000024e7a2d0000 - 0x0000024e7a2d5000 	C:\jdk-11\bin\api-ms-win-crt-multibyte-l1-1-0.dll
0x0000024e7a2e0000 - 0x0000024e7a2f0000 	C:\jdk-11\bin\api-ms-win-crt-private-l1-1-0.dll
0x0000024e7a2f0000 - 0x0000024e7a2f3000 	C:\jdk-11\bin\api-ms-win-crt-process-l1-1-0.dll
0x0000024e7a300000 - 0x0000024e7a304000 	C:\jdk-11\bin\api-ms-win-crt-runtime-l1-1-0.dll
0x0000024e7a310000 - 0x0000024e7a314000 	C:\jdk-11\bin\api-ms-win-crt-stdio-l1-1-0.dll
0x0000024e7a320000 - 0x0000024e7a324000 	C:\jdk-11\bin\api-ms-win-crt-string-l1-1-0.dll
0x0000024e7a330000 - 0x0000024e7a333000 	C:\jdk-11\bin\api-ms-win-crt-time-l1-1-0.dll
0x0000024e7a340000 - 0x0000024e7a343000 	C:\jdk-11\bin\api-ms-win-crt-utility-l1-1-0.dll
0x00007ffe36c60000 - 0x00007ffe36d56000 	C:\jdk-11\bin\ucrtbase.dll
0x00007ffe51ca0000 - 0x00007ffe51cf1000 	C:\Windows\System32\concrt140.dll
0x00007ffe65330000 - 0x00007ffe65353000 	C:\Users\Асемгуль\.openjfx\cache\11.0.2\prism_d3d.dll
0x00007ffe54770000 - 0x00007ffe54940000 	C:\WINDOWS\system32\d3d9.dll
0x00007ffe6d690000 - 0x00007ffe6d6bf000 	C:\WINDOWS\SYSTEM32\dwmapi.dll
0x00007ffe6d2c0000 - 0x00007ffe6d35e000 	C:\WINDOWS\system32\uxtheme.dll
0x00007ffe35630000 - 0x00007ffe35793000 	C:\WINDOWS\System32\DriverStore\FileRepository\iigd_dch.inf_amd64_8f079a8a5c196b5d\igdumdim64.dll
0x00007ffe16250000 - 0x00007ffe19c92000 	C:\WINDOWS\System32\DriverStore\FileRepository\iigd_dch.inf_amd64_8f079a8a5c196b5d\igd9dxva64.dll
0x00007ffe701e0000 - 0x00007ffe7030a000 	C:\WINDOWS\System32\ole32.dll
0x00007ffe71220000 - 0x00007ffe712ed000 	C:\WINDOWS\System32\OLEAUT32.dll
0x00007ffe71550000 - 0x00007ffe719c2000 	C:\WINDOWS\System32\SETUPAPI.dll
0x00007ffe6fa20000 - 0x00007ffe6fa6e000 	C:\WINDOWS\System32\cfgmgr32.dll
0x00007ffe6f8b0000 - 0x00007ffe6f8d7000 	C:\WINDOWS\System32\bcrypt.dll
0x00007ffe58e30000 - 0x00007ffe5906f000 	C:\WINDOWS\System32\DriverStore\FileRepository\iigd_dch.inf_amd64_8f079a8a5c196b5d\igdgmm64.dll
0x00007ffe51b90000 - 0x00007ffe51bd5000 	C:\Users\Асемгуль\.openjfx\cache\11.0.2\glass.dll
0x00007ffe70c90000 - 0x00007ffe70d6a000 	C:\WINDOWS\System32\COMDLG32.dll
0x00007ffe70d70000 - 0x00007ffe70e85000 	C:\WINDOWS\System32\MSCTF.dll
0x00007ffe5f650000 - 0x00007ffe5f677000 	C:\WINDOWS\System32\DriverStore\FileRepository\iigd_dch.inf_amd64_8f079a8a5c196b5d\igdinfo64.dll
0x00007ffe6f250000 - 0x00007ffe6f268000 	C:\WINDOWS\SYSTEM32\CRYPTSP.dll
0x00007ffe6e970000 - 0x00007ffe6e9a4000 	C:\WINDOWS\system32\rsaenh.dll
0x00007ffe6f270000 - 0x00007ffe6f27c000 	C:\WINDOWS\SYSTEM32\CRYPTBASE.dll
0x00007ffe56260000 - 0x00007ffe58e29000 	C:\WINDOWS\System32\DriverStore\FileRepository\iigd_dch.inf_amd64_8f079a8a5c196b5d\igc64.dll
0x00007ffe5ab40000 - 0x00007ffe5ab7b000 	C:\WINDOWS\SYSTEM32\dxcore.dll
0x00007ffe69850000 - 0x00007ffe69864000 	C:\Users\Асемгуль\.openjfx\cache\11.0.2\javafx_font.dll
0x00007ffe5a8a0000 - 0x00007ffe5ab23000 	C:\WINDOWS\SYSTEM32\dwrite.dll

dbghelp: loaded successfully - version: 4.0.5 - missing functions: none
symbol engine: initialized successfully - sym options: 0x614 - pdb path: .;C:\jdk-11\bin;C:\WINDOWS\SYSTEM32;C:\WINDOWS\WinSxS\amd64_microsoft.windows.common-controls_6595b64144ccf1df_6.0.19041.1110_none_60b5254171f9507e;C:\jdk-11\bin\server;C:\Program Files\JetBrains\IntelliJ IDEA Community Edition 2021.2.2\bin;C:\Users\Асемгуль\.openjfx\cache\11.0.2;C:\WINDOWS\System32\DriverStore\FileRepository\iigd_dch.inf_amd64_8f079a8a5c196b5d

VM Arguments:
jvm_args: -javaagent:C:\Program Files\JetBrains\IntelliJ IDEA Community Edition 2021.2.2\lib\idea_rt.jar=60175:C:\Program Files\JetBrains\IntelliJ IDEA Community Edition 2021.2.2\bin -Dfile.encoding=UTF-8 --module-path=C:\Users\Асемгуль\.m2\repository\org\openjfx\javafx-graphics\11.0.2\javafx-graphics-11.0.2-win.jar;C:\java\Chat\demo\target\classes;C:\Users\Асемгуль\.m2\repository\org\kordamp\ikonli\ikonli-javafx\12.2.0\ikonli-javafx-12.2.0.jar;C:\Users\Асемгуль\.m2\repository\com\dlsc\formsfx\formsfx-core\11.3.2\formsfx-core-11.3.2.jar;C:\Users\Асемгуль\.m2\repository\net\synedra\validatorfx\0.1.13\validatorfx-0.1.13.jar;C:\Users\Асемгуль\.m2\repository\org\kordamp\bootstrapfx\bootstrapfx-core\0.4.0\bootstrapfx-core-0.4.0.jar;C:\Users\Асемгуль\.m2\repository\eu\hansolo\tilesfx\11.48\tilesfx-11.48.jar;C:\Users\Асемгуль\.m2\repository\org\openjfx\javafx-fxml\11.0.2\javafx-fxml-11.0.2-win.jar;C:\Users\Асемгуль\.m2\repository\org\openjfx\javafx-web\11.0.2\javafx-web-11.0.2-win.jar;C:\Users\Асемгуль\.m2\repository\org\controlsfx\controlsfx\11.1.0\controlsfx-11.1.0.jar;C:\Users\Асемгуль\.m2\repository\org\openjfx\javafx-controls\11.0.2\javafx-controls-11.0.2-win.jar;C:\Users\Асемгуль\.m2\repository\org\openjfx\javafx-base\11.0.2\javafx-base-11.0.2-win.jar;C:\Users\Асемгуль\.m2\repository\org\openjfx\javafx-media\11.0.2\javafx-media-11.0.2-win.jar;C:\Users\Асемгуль\.m2\repository\org\kordamp\ikonli\ikonli-core\12.2.0\ikonli-core-12.2.0.jar -Djdk.module.main=com.example.demo 
java_command: com.example.demo/com.example.demo.HelloApplication
java_class_path (initial): C:\Users\Асемгуль\.m2\repository\org\openjfx\javafx-controls\11.0.2\javafx-controls-11.0.2.jar;C:\Users\Асемгуль\.m2\repository\org\openjfx\javafx-graphics\11.0.2\javafx-graphics-11.0.2.jar;C:\Users\Асемгуль\.m2\repository\org\openjfx\javafx-base\11.0.2\javafx-base-11.0.2.jar;C:\Users\Асемгуль\.m2\repository\org\openjfx\javafx-fxml\11.0.2\javafx-fxml-11.0.2.jar;C:\Users\Асемгуль\.m2\repository\org\openjfx\javafx-web\11.0.2\javafx-web-11.0.2.jar;C:\Users\Асемгуль\.m2\repository\org\openjfx\javafx-media\11.0.2\javafx-media-11.0.2.jar
Launcher Type: SUN_STANDARD

[Global flags]
     intx CICompilerCount                          = 3                                         {product} {ergonomic}
     uint ConcGCThreads                            = 1                                         {product} {ergonomic}
     uint G1ConcRefinementThreads                  = 4                                         {product} {ergonomic}
   size_t G1HeapRegionSize                         = 1048576                                   {product} {ergonomic}
    uintx GCDrainStackTargetSize                   = 64                                        {product} {ergonomic}
   size_t InitialHeapSize                          = 134217728                                 {product} {ergonomic}
   size_t MarkStackSize                            = 4194304                                   {product} {ergonomic}
   size_t MaxHeapSize                              = 2124414976                                {product} {ergonomic}
   size_t MaxNewSize                               = 1274019840                                {product} {ergonomic}
   size_t MinHeapDeltaBytes                        = 1048576                                   {product} {ergonomic}
    uintx NonNMethodCodeHeapSize                   = 5830092                                {pd product} {ergonomic}
    uintx NonProfiledCodeHeapSize                  = 122914074                              {pd product} {ergonomic}
    uintx ProfiledCodeHeapSize                     = 122914074                              {pd product} {ergonomic}
    uintx ReservedCodeCacheSize                    = 251658240                              {pd product} {ergonomic}
     bool SegmentedCodeCache                       = true                                      {product} {ergonomic}
     bool UseCompressedClassPointers               = true                                 {lp64_product} {ergonomic}
     bool UseCompressedOops                        = true                                 {lp64_product} {ergonomic}
     bool UseG1GC                                  = true                                      {product} {ergonomic}
     bool UseLargePagesIndividualAllocation        = false                                  {pd product} {ergonomic}

Logging:
Log output configuration:
 #0: stdout all=warning uptime,level,tags
 #1: stderr all=off uptime,level,tags

Environment Variables:
PATH=C:\ProgramData\Oracle\Java\javapath;C:\Program Files (x86)\Common Files\Oracle\Java\javapath;C:\WINDOWS\system32;C:\WINDOWS;C:\WINDOWS\System32\Wbem;C:\WINDOWS\System32\WindowsPowerShell\v1.0\;C:\WINDOWS\System32\OpenSSH\;C:\Program Files (x86)\Common Files\Propellerhead Software\ReWire\;C:\Program Files\Common Files\Propellerhead Software\ReWire\;C:\Program Files\Git\cmd;C:\Program Files\PuTTY\;C:\Users\Асемгуль\AppData\Local\Microsoft\WindowsApps;C:\Users\Асемгуль\AppData\Local\Programs\Microsoft VS Code\bin
USERNAME=Асемгуль
OS=Windows_NT
PROCESSOR_IDENTIFIER=Intel64 Family 6 Model 142 Stepping 10, GenuineIntel



---------------  S Y S T E M  ---------------

OS: Windows 10 , 64 bit Build 19041 (10.0.19041.1466)

CPU:total 4 (initial active 4) (2 cores per cpu, 2 threads per core) family 6 model 142 stepping 10, cmov, cx8, fxsr, mmx, sse, sse2, sse3, ssse3, sse4.1, sse4.2, popcnt, avx, avx2, aes, clmul, erms, 3dnowpref, lzcnt, ht, tsc, tscinvbit, bmi1, bmi2, adx, fma

Memory: 4k page, system-wide physical 8101M (479M free)
TotalPageFile size 16001M (AvailPageFile size 5M)
current process WorkingSet (physical memory assigned to process): 127M, peak: 127M
current process commit charge ("private bytes"): 256M, peak: 256M

vm_info: OpenJDK 64-Bit Server VM (11+28) for windows-amd64 JRE (11+28), built on Aug 23 2018 03:04:58 by "mach5one" with MS VC++ 15.5 (VS2017)

END.
