#
# There is insufficient memory for the Java Runtime Environment to continue.
# Native memory allocation (malloc) failed to allocate 758896 bytes for Chunk::new
# Possible reasons:
#   The system is out of physical RAM or swap space
#   The process is running with CompressedOops enabled, and the Java Heap may be blocking the growth of the native heap
# Possible solutions:
#   Reduce memory load on the system
#   Increase physical memory or swap space
#   Check if swap backing store is full
#   Decrease Java heap size (-Xmx/-Xms)
#   Decrease number of Java threads
#   Decrease Java thread stack sizes (-Xss)
#   Set larger code cache with -XX:ReservedCodeCacheSize=
#   JVM is running with Unscaled Compressed Oops mode in which the Java heap is
#     placed in the first 4GB address space. The Java Heap base address is the
#     maximum limit for the native heap growth. Please use -XX:HeapBaseMinAddress
#     to set the Java Heap base and to place the Java Heap above 4GB virtual address.
# This output file may be truncated or incomplete.
#
#  Out of Memory Error (t:/workspace/open/src/hotspot/share/memory/arena.cpp:197), pid=5380, tid=15604
#
# JRE version: OpenJDK Runtime Environment (11.0+28) (build 11+28)
# Java VM: OpenJDK 64-Bit Server VM (11+28, mixed mode, tiered, compressed oops, g1 gc, windows-amd64)
# No core dump will be written. Minidumps are not enabled by default on client versions of Windows
#

---------------  S U M M A R Y ------------

Command Line: -javaagent:C:\Program Files\JetBrains\IntelliJ IDEA Community Edition 2021.2.2\lib\idea_rt.jar=57054:C:\Program Files\JetBrains\IntelliJ IDEA Community Edition 2021.2.2\bin -Dfile.encoding=UTF-8 --module-path=C:\Users\Асемгуль\.m2\repository\org\openjfx\javafx-media\11.0.2\javafx-media-11.0.2-win.jar;C:\Users\Асемгуль\.m2\repository\org\openjfx\javafx-graphics\11.0.2\javafx-graphics-11.0.2-win.jar;C:\Users\Асемгуль\.m2\repository\com\dlsc\formsfx\formsfx-core\11.3.2\formsfx-core-11.3.2.jar;C:\Users\Асемгуль\.m2\repository\org\openjfx\javafx-web\11.0.2\javafx-web-11.0.2-win.jar;C:\Users\Асемгуль\.m2\repository\org\openjfx\javafx-controls\11.0.2\javafx-controls-11.0.2-win.jar;C:\java\Chat\demo\target\classes;C:\Users\Асемгуль\.m2\repository\org\openjfx\javafx-base\11.0.2\javafx-base-11.0.2-win.jar;C:\Users\Асемгуль\.m2\repository\eu\hansolo\tilesfx\11.48\tilesfx-11.48.jar;C:\Users\Асемгуль\.m2\repository\org\kordamp\bootstrapfx\bootstrapfx-core\0.4.0\bootstrapfx-core-0.4.0.jar;C:\Users\Асемгуль\.m2\repository\org\kordamp\ikonli\ikonli-core\12.2.0\ikonli-core-12.2.0.jar;C:\Users\Асемгуль\.m2\repository\net\synedra\validatorfx\0.1.13\validatorfx-0.1.13.jar;C:\Users\Асемгуль\.m2\repository\org\openjfx\javafx-fxml\11.0.2\javafx-fxml-11.0.2-win.jar;C:\Users\Асемгуль\.m2\repository\org\controlsfx\controlsfx\11.1.0\controlsfx-11.1.0.jar;C:\Users\Асемгуль\.m2\repository\org\kordamp\ikonli\ikonli-javafx\12.2.0\ikonli-javafx-12.2.0.jar -Djdk.module.main=com.example.demo com.example.demo/com.example.demo.HelloApplication

Host: Intel(R) Core(TM) i3-8130U CPU @ 2.20GHz, 4 cores, 7G,  Windows 10 , 64 bit Build 19041 (10.0.19041.1466)
Time: Mon Feb  7 20:58:46 2022 Центральная Азия (зима) elapsed time: 2 seconds (0d 0h 0m 2s)

---------------  T H R E A D  ---------------

Current thread (0x000001c678164000):  JavaThread "C2 CompilerThread0" daemon [_thread_in_native, id=15604, stack(0x00000026d7300000,0x00000026d7400000)]


Current CompileTask:
C2:   2634 2095       4       jdk.internal.org.objectweb.asm.Frame::execute (2264 bytes)

Stack: [0x00000026d7300000,0x00000026d7400000]
Native frames: (J=compiled Java code, j=interpreted, Vv=VM code, C=native code)
V  [jvm.dll+0x63adaa]
V  [jvm.dll+0x77852f]
V  [jvm.dll+0x779b18]
V  [jvm.dll+0x77a1d3]
V  [jvm.dll+0x2624c8]
V  [jvm.dll+0xc5b61]
V  [jvm.dll+0xc60fc]
V  [jvm.dll+0x2d0c84]
V  [jvm.dll+0x552d0f]
V  [jvm.dll+0x21e4af]
V  [jvm.dll+0x21b3e6]
V  [jvm.dll+0x198400]
V  [jvm.dll+0x22a4ff]
V  [jvm.dll+0x228b18]
V  [jvm.dll+0x73dc3d]
V  [jvm.dll+0x639e42]
C  [ucrtbase.dll+0x21bb2]
C  [KERNEL32.DLL+0x17034]
C  [ntdll.dll+0x52651]


---------------  P R O C E S S  ---------------

Threads class SMR info:
_java_thread_list=0x000001c679c5c880, length=19, elements={
0x000001c6595d4000, 0x000001c678142800, 0x000001c67814e000, 0x000001c678ae3000,
0x000001c678161000, 0x000001c678164000, 0x000001c678173000, 0x000001c678b16800,
0x000001c6780d8800, 0x000001c678c98000, 0x000001c679134800, 0x000001c6792f3800,
0x000001c6793d3800, 0x000001c67956a000, 0x000001c67956a800, 0x000001c679a83000,
0x000001c679ad5800, 0x000001c679e63800, 0x000001c679f4a800
}

Java Threads: ( => current thread )
  0x000001c6595d4000 JavaThread "main" [_thread_blocked, id=1440, stack(0x00000026d6800000,0x00000026d6900000)]
  0x000001c678142800 JavaThread "Reference Handler" daemon [_thread_blocked, id=13856, stack(0x00000026d6f00000,0x00000026d7000000)]
  0x000001c67814e000 JavaThread "Finalizer" daemon [_thread_blocked, id=14352, stack(0x00000026d7000000,0x00000026d7100000)]
  0x000001c678ae3000 JavaThread "Signal Dispatcher" daemon [_thread_blocked, id=16212, stack(0x00000026d7100000,0x00000026d7200000)]
  0x000001c678161000 JavaThread "Attach Listener" daemon [_thread_blocked, id=2580, stack(0x00000026d7200000,0x00000026d7300000)]
=>0x000001c678164000 JavaThread "C2 CompilerThread0" daemon [_thread_in_native, id=15604, stack(0x00000026d7300000,0x00000026d7400000)]
  0x000001c678173000 JavaThread "C1 CompilerThread0" daemon [_thread_blocked, id=17332, stack(0x00000026d7400000,0x00000026d7500000)]
  0x000001c678b16800 JavaThread "Sweeper thread" daemon [_thread_blocked, id=9236, stack(0x00000026d7500000,0x00000026d7600000)]
  0x000001c6780d8800 JavaThread "Common-Cleaner" daemon [_thread_blocked, id=768, stack(0x00000026d7600000,0x00000026d7700000)]
  0x000001c678c98000 JavaThread "C2 CompilerThread1" daemon [_thread_in_native, id=18768, stack(0x00000026d7700000,0x00000026d7800000)]
  0x000001c679134800 JavaThread "Monitor Ctrl-Break" daemon [_thread_in_native, id=3768, stack(0x00000026d7800000,0x00000026d7900000)]
  0x000001c6792f3800 JavaThread "Service Thread" daemon [_thread_blocked, id=16904, stack(0x00000026d7900000,0x00000026d7a00000)]
  0x000001c6793d3800 JavaThread "QuantumRenderer-0" daemon [_thread_blocked, id=10596, stack(0x00000026d7d00000,0x00000026d7e00000)]
  0x000001c67956a000 JavaThread "InvokeLaterDispatcher" daemon [_thread_blocked, id=928, stack(0x00000026d7e00000,0x00000026d7f00000)]
  0x000001c67956a800 JavaThread "JavaFX Application Thread" [_thread_in_native, id=17884, stack(0x00000026d7f00000,0x00000026d8000000)]
  0x000001c679a83000 JavaThread "Thread-1" daemon [_thread_in_native, id=15936, stack(0x00000026d8300000,0x00000026d8400000)]
  0x000001c679ad5800 JavaThread "JavaFX-Launcher" [_thread_blocked, id=12996, stack(0x00000026d8400000,0x00000026d8500000)]
  0x000001c679e63800 JavaThread "Prism Font Disposer" daemon [_thread_blocked, id=19288, stack(0x00000026d8900000,0x00000026d8a00000)]
  0x000001c679f4a800 JavaThread "Cleaner-0" daemon [_thread_blocked, id=18428, stack(0x00000026d8a00000,0x00000026d8b00000)]

Other Threads:
  0x000001c67811c000 VMThread "VM Thread" [stack: 0x00000026d6e00000,0x00000026d6f00000] [id=18384]
  0x000001c679496800 WatcherThread [stack: 0x00000026d7a00000,0x00000026d7b00000] [id=18168]
  0x000001c6595ee000 GCTaskThread "GC Thread#0" [stack: 0x00000026d6900000,0x00000026d6a00000] [id=8872]
  0x000001c679393000 GCTaskThread "GC Thread#1" [stack: 0x00000026d7b00000,0x00000026d7c00000] [id=6124]
  0x000001c678de5000 GCTaskThread "GC Thread#2" [stack: 0x00000026d7c00000,0x00000026d7d00000] [id=12024]
  0x000001c679b8a800 GCTaskThread "GC Thread#3" [stack: 0x00000026d8800000,0x00000026d8900000] [id=812]
  0x000001c65961f000 ConcurrentGCThread "G1 Main Marker" [stack: 0x00000026d6a00000,0x00000026d6b00000] [id=3264]
  0x000001c659621800 ConcurrentGCThread "G1 Conc#0" [stack: 0x00000026d6b00000,0x00000026d6c00000] [id=15872]
  0x000001c6596b6800 ConcurrentGCThread "G1 Refine#0" [stack: 0x00000026d6c00000,0x00000026d6d00000] [id=8952]
  0x000001c6596b7800 ConcurrentGCThread "G1 Young RemSet Sampling" [stack: 0x00000026d6d00000,0x00000026d6e00000] [id=17924]

Threads with active compile tasks:
C2 CompilerThread02095       4       jdk.internal.org.objectweb.asm.Frame::execute (2264 bytes)
C2 CompilerThread12092       4       java.lang.invoke.InvokerBytecodeGenerator::emitImplicitConversion (159 bytes)

VM state:not at safepoint (normal execution)

VM Mutex/Monitor currently owned by a thread: None

Heap address: 0x0000000081600000, size: 2026 MB, Compressed Oops mode: 32-bit
Narrow klass base: 0x0000000000000000, Narrow klass shift: 3
Compressed class space size: 1073741824 Address: 0x0000000100000000

Heap:
 garbage-first heap   total 131072K, used 24460K [0x0000000081600000, 0x0000000100000000)
  region size 1024K, 24 young (24576K), 7 survivors (7168K)
 Metaspace       used 24869K, capacity 25928K, committed 26108K, reserved 1071104K
  class space    used 3313K, capacity 3747K, committed 3840K, reserved 1048576K
Heap Regions: E=young(eden), S=young(survivor), O=old, HS=humongous(starts), HC=humongous(continues), CS=collection set, F=free, A=archive, TAMS=top-at-mark-start (previous, next)
|   0|0x0000000081600000, 0x0000000081700000, 0x0000000081700000|100%|HS|  |TAMS 0x0000000081600000, 0x0000000081600000| Complete 
|   1|0x0000000081700000, 0x0000000081800000, 0x0000000081800000|100%|HC|  |TAMS 0x0000000081700000, 0x0000000081700000| Complete 
|   2|0x0000000081800000, 0x0000000081800000, 0x0000000081900000|  0%| F|  |TAMS 0x0000000081800000, 0x0000000081800000| Untracked 
|   3|0x0000000081900000, 0x0000000081900000, 0x0000000081a00000|  0%| F|  |TAMS 0x0000000081900000, 0x0000000081900000| Untracked 
|   4|0x0000000081a00000, 0x0000000081a00000, 0x0000000081b00000|  0%| F|  |TAMS 0x0000000081a00000, 0x0000000081a00000| Untracked 
|   5|0x0000000081b00000, 0x0000000081b00000, 0x0000000081c00000|  0%| F|  |TAMS 0x0000000081b00000, 0x0000000081b00000| Untracked 
|   6|0x0000000081c00000, 0x0000000081c00000, 0x0000000081d00000|  0%| F|  |TAMS 0x0000000081c00000, 0x0000000081c00000| Untracked 
|   7|0x0000000081d00000, 0x0000000081d00000, 0x0000000081e00000|  0%| F|  |TAMS 0x0000000081d00000, 0x0000000081d00000| Untracked 
|   8|0x0000000081e00000, 0x0000000081e00000, 0x0000000081f00000|  0%| F|  |TAMS 0x0000000081e00000, 0x0000000081e00000| Untracked 
|   9|0x0000000081f00000, 0x0000000081f00000, 0x0000000082000000|  0%| F|  |TAMS 0x0000000081f00000, 0x0000000081f00000| Untracked 
|  10|0x0000000082000000, 0x0000000082000000, 0x0000000082100000|  0%| F|  |TAMS 0x0000000082000000, 0x0000000082000000| Untracked 
|  11|0x0000000082100000, 0x0000000082100000, 0x0000000082200000|  0%| F|  |TAMS 0x0000000082100000, 0x0000000082100000| Untracked 
|  12|0x0000000082200000, 0x0000000082200000, 0x0000000082300000|  0%| F|  |TAMS 0x0000000082200000, 0x0000000082200000| Untracked 
|  13|0x0000000082300000, 0x0000000082300000, 0x0000000082400000|  0%| F|  |TAMS 0x0000000082300000, 0x0000000082300000| Untracked 
|  14|0x0000000082400000, 0x0000000082400000, 0x0000000082500000|  0%| F|  |TAMS 0x0000000082400000, 0x0000000082400000| Untracked 
|  15|0x0000000082500000, 0x0000000082500000, 0x0000000082600000|  0%| F|  |TAMS 0x0000000082500000, 0x0000000082500000| Untracked 
|  16|0x0000000082600000, 0x0000000082600000, 0x0000000082700000|  0%| F|  |TAMS 0x0000000082600000, 0x0000000082600000| Untracked 
|  17|0x0000000082700000, 0x0000000082700000, 0x0000000082800000|  0%| F|  |TAMS 0x0000000082700000, 0x0000000082700000| Untracked 
|  18|0x0000000082800000, 0x0000000082800000, 0x0000000082900000|  0%| F|  |TAMS 0x0000000082800000, 0x0000000082800000| Untracked 
|  19|0x0000000082900000, 0x0000000082900000, 0x0000000082a00000|  0%| F|  |TAMS 0x0000000082900000, 0x0000000082900000| Untracked 
|  20|0x0000000082a00000, 0x0000000082a00000, 0x0000000082b00000|  0%| F|  |TAMS 0x0000000082a00000, 0x0000000082a00000| Untracked 
|  21|0x0000000082b00000, 0x0000000082b00000, 0x0000000082c00000|  0%| F|  |TAMS 0x0000000082b00000, 0x0000000082b00000| Untracked 
|  22|0x0000000082c00000, 0x0000000082c00000, 0x0000000082d00000|  0%| F|  |TAMS 0x0000000082c00000, 0x0000000082c00000| Untracked 
|  23|0x0000000082d00000, 0x0000000082d00000, 0x0000000082e00000|  0%| F|  |TAMS 0x0000000082d00000, 0x0000000082d00000| Untracked 
|  24|0x0000000082e00000, 0x0000000082e00000, 0x0000000082f00000|  0%| F|  |TAMS 0x0000000082e00000, 0x0000000082e00000| Untracked 
|  25|0x0000000082f00000, 0x0000000082f00000, 0x0000000083000000|  0%| F|  |TAMS 0x0000000082f00000, 0x0000000082f00000| Untracked 
|  26|0x0000000083000000, 0x0000000083000000, 0x0000000083100000|  0%| F|  |TAMS 0x0000000083000000, 0x0000000083000000| Untracked 
|  27|0x0000000083100000, 0x0000000083100000, 0x0000000083200000|  0%| F|  |TAMS 0x0000000083100000, 0x0000000083100000| Untracked 
|  28|0x0000000083200000, 0x0000000083200000, 0x0000000083300000|  0%| F|  |TAMS 0x0000000083200000, 0x0000000083200000| Untracked 
|  29|0x0000000083300000, 0x0000000083300000, 0x0000000083400000|  0%| F|  |TAMS 0x0000000083300000, 0x0000000083300000| Untracked 
|  30|0x0000000083400000, 0x0000000083400000, 0x0000000083500000|  0%| F|  |TAMS 0x0000000083400000, 0x0000000083400000| Untracked 
|  31|0x0000000083500000, 0x0000000083500000, 0x0000000083600000|  0%| F|  |TAMS 0x0000000083500000, 0x0000000083500000| Untracked 
|  32|0x0000000083600000, 0x0000000083600000, 0x0000000083700000|  0%| F|  |TAMS 0x0000000083600000, 0x0000000083600000| Untracked 
|  33|0x0000000083700000, 0x0000000083700000, 0x0000000083800000|  0%| F|  |TAMS 0x0000000083700000, 0x0000000083700000| Untracked 
|  34|0x0000000083800000, 0x0000000083800000, 0x0000000083900000|  0%| F|  |TAMS 0x0000000083800000, 0x0000000083800000| Untracked 
|  35|0x0000000083900000, 0x0000000083900000, 0x0000000083a00000|  0%| F|  |TAMS 0x0000000083900000, 0x0000000083900000| Untracked 
|  36|0x0000000083a00000, 0x0000000083a00000, 0x0000000083b00000|  0%| F|  |TAMS 0x0000000083a00000, 0x0000000083a00000| Untracked 
|  37|0x0000000083b00000, 0x0000000083b00000, 0x0000000083c00000|  0%| F|  |TAMS 0x0000000083b00000, 0x0000000083b00000| Untracked 
|  38|0x0000000083c00000, 0x0000000083c00000, 0x0000000083d00000|  0%| F|  |TAMS 0x0000000083c00000, 0x0000000083c00000| Untracked 
|  39|0x0000000083d00000, 0x0000000083d00000, 0x0000000083e00000|  0%| F|  |TAMS 0x0000000083d00000, 0x0000000083d00000| Untracked 
|  40|0x0000000083e00000, 0x0000000083e00000, 0x0000000083f00000|  0%| F|  |TAMS 0x0000000083e00000, 0x0000000083e00000| Untracked 
|  41|0x0000000083f00000, 0x0000000083f00000, 0x0000000084000000|  0%| F|  |TAMS 0x0000000083f00000, 0x0000000083f00000| Untracked 
|  42|0x0000000084000000, 0x0000000084000000, 0x0000000084100000|  0%| F|  |TAMS 0x0000000084000000, 0x0000000084000000| Untracked 
|  43|0x0000000084100000, 0x0000000084100000, 0x0000000084200000|  0%| F|  |TAMS 0x0000000084100000, 0x0000000084100000| Untracked 
|  44|0x0000000084200000, 0x0000000084200000, 0x0000000084300000|  0%| F|  |TAMS 0x0000000084200000, 0x0000000084200000| Untracked 
|  45|0x0000000084300000, 0x0000000084300000, 0x0000000084400000|  0%| F|  |TAMS 0x0000000084300000, 0x0000000084300000| Untracked 
|  46|0x0000000084400000, 0x0000000084400000, 0x0000000084500000|  0%| F|  |TAMS 0x0000000084400000, 0x0000000084400000| Untracked 
|  47|0x0000000084500000, 0x0000000084500000, 0x0000000084600000|  0%| F|  |TAMS 0x0000000084500000, 0x0000000084500000| Untracked 
|  48|0x0000000084600000, 0x0000000084600000, 0x0000000084700000|  0%| F|  |TAMS 0x0000000084600000, 0x0000000084600000| Untracked 
|  49|0x0000000084700000, 0x0000000084700000, 0x0000000084800000|  0%| F|  |TAMS 0x0000000084700000, 0x0000000084700000| Untracked 
|  50|0x0000000084800000, 0x0000000084800000, 0x0000000084900000|  0%| F|  |TAMS 0x0000000084800000, 0x0000000084800000| Untracked 
|  51|0x0000000084900000, 0x0000000084900000, 0x0000000084a00000|  0%| F|  |TAMS 0x0000000084900000, 0x0000000084900000| Untracked 
|  52|0x0000000084a00000, 0x0000000084a00000, 0x0000000084b00000|  0%| F|  |TAMS 0x0000000084a00000, 0x0000000084a00000| Untracked 
|  53|0x0000000084b00000, 0x0000000084b00000, 0x0000000084c00000|  0%| F|  |TAMS 0x0000000084b00000, 0x0000000084b00000| Untracked 
|  54|0x0000000084c00000, 0x0000000084c00000, 0x0000000084d00000|  0%| F|  |TAMS 0x0000000084c00000, 0x0000000084c00000| Untracked 
|  55|0x0000000084d00000, 0x0000000084d00000, 0x0000000084e00000|  0%| F|  |TAMS 0x0000000084d00000, 0x0000000084d00000| Untracked 
|  56|0x0000000084e00000, 0x0000000084e00000, 0x0000000084f00000|  0%| F|  |TAMS 0x0000000084e00000, 0x0000000084e00000| Untracked 
|  57|0x0000000084f00000, 0x0000000084f00000, 0x0000000085000000|  0%| F|  |TAMS 0x0000000084f00000, 0x0000000084f00000| Untracked 
|  58|0x0000000085000000, 0x0000000085000000, 0x0000000085100000|  0%| F|  |TAMS 0x0000000085000000, 0x0000000085000000| Untracked 
|  59|0x0000000085100000, 0x0000000085100000, 0x0000000085200000|  0%| F|  |TAMS 0x0000000085100000, 0x0000000085100000| Untracked 
|  60|0x0000000085200000, 0x0000000085200000, 0x0000000085300000|  0%| F|  |TAMS 0x0000000085200000, 0x0000000085200000| Untracked 
|  61|0x0000000085300000, 0x0000000085300000, 0x0000000085400000|  0%| F|  |TAMS 0x0000000085300000, 0x0000000085300000| Untracked 
|  62|0x0000000085400000, 0x0000000085400000, 0x0000000085500000|  0%| F|  |TAMS 0x0000000085400000, 0x0000000085400000| Untracked 
|  63|0x0000000085500000, 0x0000000085500000, 0x0000000085600000|  0%| F|  |TAMS 0x0000000085500000, 0x0000000085500000| Untracked 
|  64|0x0000000085600000, 0x0000000085600000, 0x0000000085700000|  0%| F|  |TAMS 0x0000000085600000, 0x0000000085600000| Untracked 
|  65|0x0000000085700000, 0x0000000085700000, 0x0000000085800000|  0%| F|  |TAMS 0x0000000085700000, 0x0000000085700000| Untracked 
|  66|0x0000000085800000, 0x0000000085800000, 0x0000000085900000|  0%| F|  |TAMS 0x0000000085800000, 0x0000000085800000| Untracked 
|  67|0x0000000085900000, 0x0000000085900000, 0x0000000085a00000|  0%| F|  |TAMS 0x0000000085900000, 0x0000000085900000| Untracked 
|  68|0x0000000085a00000, 0x0000000085a00000, 0x0000000085b00000|  0%| F|  |TAMS 0x0000000085a00000, 0x0000000085a00000| Untracked 
|  69|0x0000000085b00000, 0x0000000085b00000, 0x0000000085c00000|  0%| F|  |TAMS 0x0000000085b00000, 0x0000000085b00000| Untracked 
|  70|0x0000000085c00000, 0x0000000085c00000, 0x0000000085d00000|  0%| F|  |TAMS 0x0000000085c00000, 0x0000000085c00000| Untracked 
|  71|0x0000000085d00000, 0x0000000085d00000, 0x0000000085e00000|  0%| F|  |TAMS 0x0000000085d00000, 0x0000000085d00000| Untracked 
|  72|0x0000000085e00000, 0x0000000085e00000, 0x0000000085f00000|  0%| F|  |TAMS 0x0000000085e00000, 0x0000000085e00000| Untracked 
|  73|0x0000000085f00000, 0x0000000085f00000, 0x0000000086000000|  0%| F|  |TAMS 0x0000000085f00000, 0x0000000085f00000| Untracked 
|  74|0x0000000086000000, 0x0000000086000000, 0x0000000086100000|  0%| F|  |TAMS 0x0000000086000000, 0x0000000086000000| Untracked 
|  75|0x0000000086100000, 0x0000000086100000, 0x0000000086200000|  0%| F|  |TAMS 0x0000000086100000, 0x0000000086100000| Untracked 
|  76|0x0000000086200000, 0x0000000086200000, 0x0000000086300000|  0%| F|  |TAMS 0x0000000086200000, 0x0000000086200000| Untracked 
|  77|0x0000000086300000, 0x0000000086300000, 0x0000000086400000|  0%| F|  |TAMS 0x0000000086300000, 0x0000000086300000| Untracked 
|  78|0x0000000086400000, 0x0000000086400000, 0x0000000086500000|  0%| F|  |TAMS 0x0000000086400000, 0x0000000086400000| Untracked 
|  79|0x0000000086500000, 0x0000000086500000, 0x0000000086600000|  0%| F|  |TAMS 0x0000000086500000, 0x0000000086500000| Untracked 
|  80|0x0000000086600000, 0x0000000086600000, 0x0000000086700000|  0%| F|  |TAMS 0x0000000086600000, 0x0000000086600000| Untracked 
|  81|0x0000000086700000, 0x00000000867e33f0, 0x0000000086800000| 88%| S|CS|TAMS 0x0000000086700000, 0x0000000086700000| Complete 
|  82|0x0000000086800000, 0x0000000086900000, 0x0000000086900000|100%| S|CS|TAMS 0x0000000086800000, 0x0000000086800000| Complete 
|  83|0x0000000086900000, 0x0000000086a00000, 0x0000000086a00000|100%| S|CS|TAMS 0x0000000086900000, 0x0000000086900000| Complete 
|  84|0x0000000086a00000, 0x0000000086b00000, 0x0000000086b00000|100%| S|CS|TAMS 0x0000000086a00000, 0x0000000086a00000| Complete 
|  85|0x0000000086b00000, 0x0000000086c00000, 0x0000000086c00000|100%| S|CS|TAMS 0x0000000086b00000, 0x0000000086b00000| Complete 
|  86|0x0000000086c00000, 0x0000000086d00000, 0x0000000086d00000|100%| S|CS|TAMS 0x0000000086c00000, 0x0000000086c00000| Complete 
|  87|0x0000000086d00000, 0x0000000086e00000, 0x0000000086e00000|100%| S|CS|TAMS 0x0000000086d00000, 0x0000000086d00000| Complete 
|  88|0x0000000086e00000, 0x0000000086e00000, 0x0000000086f00000|  0%| F|  |TAMS 0x0000000086e00000, 0x0000000086e00000| Untracked 
|  89|0x0000000086f00000, 0x0000000086f00000, 0x0000000087000000|  0%| F|  |TAMS 0x0000000086f00000, 0x0000000086f00000| Untracked 
|  90|0x0000000087000000, 0x0000000087000000, 0x0000000087100000|  0%| F|  |TAMS 0x0000000087000000, 0x0000000087000000| Untracked 
|  91|0x0000000087100000, 0x0000000087100000, 0x0000000087200000|  0%| F|  |TAMS 0x0000000087100000, 0x0000000087100000| Untracked 
|  92|0x0000000087200000, 0x0000000087200000, 0x0000000087300000|  0%| F|  |TAMS 0x0000000087200000, 0x0000000087200000| Untracked 
|  93|0x0000000087300000, 0x0000000087300000, 0x0000000087400000|  0%| F|  |TAMS 0x0000000087300000, 0x0000000087300000| Untracked 
|  94|0x0000000087400000, 0x0000000087400000, 0x0000000087500000|  0%| F|  |TAMS 0x0000000087400000, 0x0000000087400000| Untracked 
|  95|0x0000000087500000, 0x0000000087500000, 0x0000000087600000|  0%| F|  |TAMS 0x0000000087500000, 0x0000000087500000| Untracked 
|  96|0x0000000087600000, 0x0000000087600000, 0x0000000087700000|  0%| F|  |TAMS 0x0000000087600000, 0x0000000087600000| Untracked 
|  97|0x0000000087700000, 0x0000000087700000, 0x0000000087800000|  0%| F|  |TAMS 0x0000000087700000, 0x0000000087700000| Untracked 
|  98|0x0000000087800000, 0x0000000087800000, 0x0000000087900000|  0%| F|  |TAMS 0x0000000087800000, 0x0000000087800000| Untracked 
|  99|0x0000000087900000, 0x0000000087900000, 0x0000000087a00000|  0%| F|  |TAMS 0x0000000087900000, 0x0000000087900000| Untracked 
| 100|0x0000000087a00000, 0x0000000087a00000, 0x0000000087b00000|  0%| F|  |TAMS 0x0000000087a00000, 0x0000000087a00000| Untracked 
| 101|0x0000000087b00000, 0x0000000087b00000, 0x0000000087c00000|  0%| F|  |TAMS 0x0000000087b00000, 0x0000000087b00000| Untracked 
| 102|0x0000000087c00000, 0x0000000087c00000, 0x0000000087d00000|  0%| F|  |TAMS 0x0000000087c00000, 0x0000000087c00000| Untracked 
| 103|0x0000000087d00000, 0x0000000087d00000, 0x0000000087e00000|  0%| F|  |TAMS 0x0000000087d00000, 0x0000000087d00000| Untracked 
| 104|0x0000000087e00000, 0x0000000087e00000, 0x0000000087f00000|  0%| F|  |TAMS 0x0000000087e00000, 0x0000000087e00000| Untracked 
| 105|0x0000000087f00000, 0x0000000087f00000, 0x0000000088000000|  0%| F|  |TAMS 0x0000000087f00000, 0x0000000087f00000| Untracked 
| 106|0x0000000088000000, 0x0000000088000000, 0x0000000088100000|  0%| F|  |TAMS 0x0000000088000000, 0x0000000088000000| Untracked 
| 107|0x0000000088100000, 0x0000000088100000, 0x0000000088200000|  0%| F|  |TAMS 0x0000000088100000, 0x0000000088100000| Untracked 
| 108|0x0000000088200000, 0x0000000088200000, 0x0000000088300000|  0%| F|  |TAMS 0x0000000088200000, 0x0000000088200000| Untracked 
| 109|0x0000000088300000, 0x0000000088300000, 0x0000000088400000|  0%| F|  |TAMS 0x0000000088300000, 0x0000000088300000| Untracked 
| 110|0x0000000088400000, 0x0000000088400000, 0x0000000088500000|  0%| F|  |TAMS 0x0000000088400000, 0x0000000088400000| Untracked 
| 111|0x0000000088500000, 0x00000000885ad3a0, 0x0000000088600000| 67%| E|  |TAMS 0x0000000088500000, 0x0000000088500000| Complete 
| 112|0x0000000088600000, 0x0000000088700000, 0x0000000088700000|100%| E|CS|TAMS 0x0000000088600000, 0x0000000088600000| Complete 
| 113|0x0000000088700000, 0x0000000088800000, 0x0000000088800000|100%| E|  |TAMS 0x0000000088700000, 0x0000000088700000| Complete 
| 114|0x0000000088800000, 0x0000000088900000, 0x0000000088900000|100%| E|CS|TAMS 0x0000000088800000, 0x0000000088800000| Complete 
| 115|0x0000000088900000, 0x0000000088a00000, 0x0000000088a00000|100%| E|CS|TAMS 0x0000000088900000, 0x0000000088900000| Complete 
| 116|0x0000000088a00000, 0x0000000088b00000, 0x0000000088b00000|100%| E|CS|TAMS 0x0000000088a00000, 0x0000000088a00000| Complete 
| 117|0x0000000088b00000, 0x0000000088c00000, 0x0000000088c00000|100%| E|CS|TAMS 0x0000000088b00000, 0x0000000088b00000| Complete 
| 118|0x0000000088c00000, 0x0000000088d00000, 0x0000000088d00000|100%| E|CS|TAMS 0x0000000088c00000, 0x0000000088c00000| Complete 
| 119|0x0000000088d00000, 0x0000000088e00000, 0x0000000088e00000|100%| E|CS|TAMS 0x0000000088d00000, 0x0000000088d00000| Complete 
| 120|0x0000000088e00000, 0x0000000088f00000, 0x0000000088f00000|100%| E|CS|TAMS 0x0000000088e00000, 0x0000000088e00000| Complete 
| 121|0x0000000088f00000, 0x0000000089000000, 0x0000000089000000|100%| E|CS|TAMS 0x0000000088f00000, 0x0000000088f00000| Complete 
| 122|0x0000000089000000, 0x0000000089100000, 0x0000000089100000|100%| E|CS|TAMS 0x0000000089000000, 0x0000000089000000| Complete 
| 123|0x0000000089100000, 0x0000000089200000, 0x0000000089200000|100%| E|CS|TAMS 0x0000000089100000, 0x0000000089100000| Complete 
| 124|0x0000000089200000, 0x0000000089300000, 0x0000000089300000|100%| E|CS|TAMS 0x0000000089200000, 0x0000000089200000| Complete 
| 125|0x0000000089300000, 0x0000000089400000, 0x0000000089400000|100%| E|CS|TAMS 0x0000000089300000, 0x0000000089300000| Complete 
| 126|0x0000000089400000, 0x0000000089500000, 0x0000000089500000|100%| E|CS|TAMS 0x0000000089400000, 0x0000000089400000| Complete 
| 127|0x0000000089500000, 0x0000000089600000, 0x0000000089600000|100%| E|CS|TAMS 0x0000000089500000, 0x0000000089500000| Complete 

Card table byte_map: [0x000001c6713e0000,0x000001c6717e0000] _byte_map_base: 0x000001c670fd5000

Marking Bits (Prev, Next): (CMBitMap*) 0x000001c659616880, (CMBitMap*) 0x000001c659616848
 Prev Bits: [0x000001c673b90000, 0x000001c675b38000)
 Next Bits: [0x000001c671be0000, 0x000001c673b88000)

Polling page: 0x000001c6596c0000

Metaspace:

Usage:
  Non-class:     21.66 MB capacity,    21.05 MB ( 97%) used,   504.29 KB (  2%) free+waste,   119.94 KB ( <1%) overhead. 
      Class:      3.66 MB capacity,     3.24 MB ( 88%) used,   371.49 KB ( 10%) free+waste,    62.31 KB (  2%) overhead. 
       Both:     25.32 MB capacity,    24.29 MB ( 96%) used,   875.78 KB (  3%) free+waste,   182.25 KB ( <1%) overhead. 

Virtual space:
  Non-class space:       22.00 MB reserved,      21.75 MB ( 99%) committed 
      Class space:        1.00 GB reserved,       3.75 MB ( <1%) committed 
             Both:        1.02 GB reserved,      25.50 MB (  2%) committed 

Chunk freelists:
   Non-Class:  2.88 KB
       Class:  3.63 KB
        Both:  6.50 KB

CodeHeap 'non-profiled nmethods': size=120064Kb used=834Kb max_used=834Kb free=119229Kb
 bounds [0x000001c669480000, 0x000001c6696f0000, 0x000001c6709c0000]
CodeHeap 'profiled nmethods': size=120000Kb used=4018Kb max_used=4018Kb free=115981Kb
 bounds [0x000001c661f50000, 0x000001c662340000, 0x000001c669480000]
CodeHeap 'non-nmethods': size=5696Kb used=1334Kb max_used=1334Kb free=4361Kb
 bounds [0x000001c6619c0000, 0x000001c661c30000, 0x000001c661f50000]
 total_blobs=3375 nmethods=2168 adapters=671
 compilation: enabled
              stopped_count=0, restarted_count=0
 full_count=0

Compilation events (10 events):
Event: 2.626 Thread 0x000001c678173000 2166   !   3       java.nio.DirectFloatBufferU::put (31 bytes)
Event: 2.627 Thread 0x000001c678173000 nmethod 2166 0x000001c662335510 code [0x000001c662335700, 0x000001c662335b70]
Event: 2.627 Thread 0x000001c678173000 2167       3       java.nio.DirectFloatBufferU::ix (10 bytes)
Event: 2.627 Thread 0x000001c678173000 nmethod 2167 0x000001c662335d90 code [0x000001c662335f40, 0x000001c6623360b8]
Event: 2.628 Thread 0x000001c678173000 2168       1       com.sun.prism.paint.Paint::getType (5 bytes)
Event: 2.628 Thread 0x000001c678173000 nmethod 2168 0x000001c66954fe10 code [0x000001c66954ffc0, 0x000001c6695500d8]
Event: 2.630 Thread 0x000001c678173000 2169       3       java.nio.CharBuffer::position (8 bytes)
Event: 2.630 Thread 0x000001c678173000 nmethod 2169 0x000001c662336190 code [0x000001c662336340, 0x000001c6623364f0]
Event: 2.630 Thread 0x000001c678173000 2170       3       java.nio.CharBuffer::position (6 bytes)
Event: 2.631 Thread 0x000001c678173000 nmethod 2170 0x000001c662336590 code [0x000001c662336760, 0x000001c662336970]

GC Heap History (4 events):
Event: 0.813 GC heap before
{Heap before GC invocations=0 (full 0):
 garbage-first heap   total 131072K, used 13312K [0x0000000081600000, 0x0000000100000000)
  region size 1024K, 14 young (14336K), 0 survivors (0K)
 Metaspace       used 9037K, capacity 9277K, committed 9472K, reserved 1058816K
  class space    used 900K, capacity 1013K, committed 1024K, reserved 1048576K
}
Event: 0.823 GC heap after
{Heap after GC invocations=1 (full 0):
 garbage-first heap   total 131072K, used 1967K [0x0000000081600000, 0x0000000100000000)
  region size 1024K, 2 young (2048K), 2 survivors (2048K)
 Metaspace       used 9037K, capacity 9277K, committed 9472K, reserved 1058816K
  class space    used 900K, capacity 1013K, committed 1024K, reserved 1048576K
}
Event: 2.014 GC heap before
{Heap before GC invocations=1 (full 0):
 garbage-first heap   total 131072K, used 38831K [0x0000000081600000, 0x0000000100000000)
  region size 1024K, 40 young (40960K), 2 survivors (2048K)
 Metaspace       used 20629K, capacity 21256K, committed 21296K, reserved 1069056K
  class space    used 2538K, capacity 2815K, committed 2816K, reserved 1048576K
}
Event: 2.027 GC heap after
{Heap after GC invocations=2 (full 0):
 garbage-first heap   total 131072K, used 7052K [0x0000000081600000, 0x0000000100000000)
  region size 1024K, 7 young (7168K), 7 survivors (7168K)
 Metaspace       used 20629K, capacity 21256K, committed 21296K, reserved 1069056K
  class space    used 2538K, capacity 2815K, committed 2816K, reserved 1048576K
}

Deoptimization events (10 events):
Event: 1.726 Thread 0x000001c67956a800 Uncommon trap: reason=profile_predicate action=maybe_recompile pc=0x000001c669510358 method=java.lang.PublicMethods$MethodList.filter([Ljava/lang/reflect/Method;Ljava/lang/String;[Ljava/lang/Class;Z)Ljava/lang/PublicMethods$MethodList; @ 21 c2
Event: 1.729 Thread 0x000001c67956a800 Uncommon trap: reason=profile_predicate action=maybe_recompile pc=0x000001c669510358 method=java.lang.PublicMethods$MethodList.filter([Ljava/lang/reflect/Method;Ljava/lang/String;[Ljava/lang/Class;Z)Ljava/lang/PublicMethods$MethodList; @ 21 c2
Event: 1.931 Thread 0x000001c67956a800 Uncommon trap: reason=class_check action=maybe_recompile pc=0x000001c6694c1e64 method=java.lang.String.equals(Ljava/lang/Object;)Z @ 8 c2
Event: 1.931 Thread 0x000001c67956a800 Uncommon trap: reason=class_check action=maybe_recompile pc=0x000001c6694c1e64 method=java.lang.String.equals(Ljava/lang/Object;)Z @ 8 c2
Event: 1.932 Thread 0x000001c67956a800 Uncommon trap: reason=class_check action=maybe_recompile pc=0x000001c6694c1e64 method=java.lang.String.equals(Ljava/lang/Object;)Z @ 8 c2
Event: 1.932 Thread 0x000001c67956a800 Uncommon trap: reason=class_check action=maybe_recompile pc=0x000001c6694c1e64 method=java.lang.String.equals(Ljava/lang/Object;)Z @ 8 c2
Event: 2.037 Thread 0x000001c67956a800 Uncommon trap: reason=unstable_if action=reinterpret pc=0x000001c66950c97c method=java.util.HashMap.hash(Ljava/lang/Object;)I @ 1 c2
Event: 2.037 Thread 0x000001c67956a800 Uncommon trap: reason=unstable_if action=reinterpret pc=0x000001c6694da794 method=java.util.HashMap.hash(Ljava/lang/Object;)I @ 1 c2
Event: 2.039 Thread 0x000001c67956a800 Uncommon trap: reason=unstable_if action=reinterpret pc=0x000001c6694a882c method=java.util.HashMap.hash(Ljava/lang/Object;)I @ 1 c2
Event: 2.460 Thread 0x000001c67956a800 Uncommon trap: reason=unstable_if action=reinterpret pc=0x000001c6695221c0 method=jdk.internal.org.objectweb.asm.Type.getArgumentsAndReturnSizes(Ljava/lang/String;)I @ 47 c2

Classes redefined (0 events):
No events

Internal exceptions (10 events):
Event: 2.058 Thread 0x000001c67956a800 Exception <a 'java/lang/NoSuchMethodError'{0x000000008948dbf0}: java.lang.invoke.Invokers$Holder.linkToTargetMethod(Ljava/lang/Object;ILjava/lang/Object;)Ljava/lang/Object;> (0x000000008948dbf0) thrown at [t:/workspace/open/src/hotspot/share/interpreter/l
Event: 2.100 Thread 0x000001c67956a800 Exception <a 'java/lang/NoSuchMethodError'{0x0000000089147ff8}: java.lang.invoke.DirectMethodHandle$Holder.invokeInterface(Ljava/lang/Object;Ljava/lang/Object;Ljava/lang/Object;)Ljava/lang/Object;> (0x0000000089147ff8) thrown at [t:/workspace/open/src/hot
Event: 2.100 Thread 0x000001c67956a800 Exception <a 'java/lang/IncompatibleClassChangeError'{0x000000008914b1b0}: Found class java.lang.Object, but interface was expected> (0x000000008914b1b0) thrown at [t:/workspace/open/src/hotspot/share/interpreter/linkResolver.cpp, line 856]
Event: 2.368 Thread 0x000001c67956a800 Exception <a 'java/lang/NoSuchMethodError'{0x0000000088aa2890}: java.lang.invoke.Invokers$Holder.linkToTargetMethod(Ljava/lang/Object;IILjava/lang/Object;)Ljava/lang/Object;> (0x0000000088aa2890) thrown at [t:/workspace/open/src/hotspot/share/interpreter/
Event: 2.450 Thread 0x000001c6793d3800 Exception <a 'java/lang/NoSuchMethodError'{0x00000000889f8ae0}: java.lang.invoke.DirectMethodHandle$Holder.invokeStaticInit(Ljava/lang/Object;Ljava/lang/Object;)I> (0x00000000889f8ae0) thrown at [t:/workspace/open/src/hotspot/share/interpreter/linkResolve
Event: 2.460 Thread 0x000001c67956a800 Exception <a 'java/lang/NoSuchMethodError'{0x00000000889a7db0}: java.lang.invoke.DirectMethodHandle$Holder.invokeStaticInit(Ljava/lang/Object;Ljava/lang/Object;Ljava/lang/Object;)J> (0x00000000889a7db0) thrown at [t:/workspace/open/src/hotspot/share/inter
Event: 2.466 Thread 0x000001c67956a800 Exception <a 'java/lang/NoSuchMethodError'{0x00000000889c03f0}: java.lang.invoke.DirectMethodHandle$Holder.invokeStatic(Ljava/lang/Object;Ljava/lang/Object;J)Ljava/lang/Object;> (0x00000000889c03f0) thrown at [t:/workspace/open/src/hotspot/share/interpret
Event: 2.466 Thread 0x000001c67956a800 Exception <a 'java/lang/NoSuchMethodError'{0x00000000889c6568}: java.lang.invoke.Invokers$Holder.linkToTargetMethod(Ljava/lang/Object;JLjava/lang/Object;)Ljava/lang/Object;> (0x00000000889c6568) thrown at [t:/workspace/open/src/hotspot/share/interpreter/l
Event: 2.608 Thread 0x000001c6793d3800 Exception <a 'java/lang/NullPointerException'{0x0000000088561a80}> (0x0000000088561a80) thrown at [t:/workspace/open/src/hotspot/share/interpreter/linkResolver.cpp, line 1454]
Event: 2.629 Thread 0x000001c6793d3800 Exception <a 'java/lang/NullPointerException'{0x0000000088597e30}> (0x0000000088597e30) thrown at [t:/workspace/open/src/hotspot/share/interpreter/linkResolver.cpp, line 1454]

Events (10 events):
Event: 2.608 loading class java/lang/Throwable$WrappedPrintStream
Event: 2.609 loading class java/lang/Throwable$PrintStreamOrWriter
Event: 2.609 loading class java/lang/Throwable$PrintStreamOrWriter done
Event: 2.609 loading class java/lang/Throwable$WrappedPrintStream done
Event: 2.613 Executing VM operation: RevokeBias
Event: 2.613 Executing VM operation: RevokeBias done
Event: 2.623 loading class com/sun/prism/impl/ps/CachingShapeRepState$CacheEntry
Event: 2.623 loading class com/sun/prism/impl/ps/CachingShapeRepState$CacheEntry done
Event: 2.623 loading class com/sun/prism/impl/ps/CachingShapeRepState$CacheEntry
Event: 2.623 loading class com/sun/prism/impl/ps/CachingShapeRepState$CacheEntry done


Dynamic libraries:
0x00007ff62f170000 - 0x00007ff62f1b5000 	C:\jdk-11\bin\java.exe
0x00007ffe023b0000 - 0x00007ffe025a5000 	C:\WINDOWS\SYSTEM32\ntdll.dll
0x00007ffe00870000 - 0x00007ffe0092e000 	C:\WINDOWS\System32\KERNEL32.DLL
0x00007ffdffd70000 - 0x00007ffe00038000 	C:\WINDOWS\System32\KERNELBASE.dll
0x00007ffe016b0000 - 0x00007ffe01851000 	C:\WINDOWS\System32\USER32.dll
0x00007ffe00040000 - 0x00007ffe00062000 	C:\WINDOWS\System32\win32u.dll
0x00007ffe02310000 - 0x00007ffe0233b000 	C:\WINDOWS\System32\GDI32.dll
0x00007ffe00260000 - 0x00007ffe0036d000 	C:\WINDOWS\System32\gdi32full.dll
0x00007ffdffb70000 - 0x00007ffdffc0d000 	C:\WINDOWS\System32\msvcp_win.dll
0x00007ffe00070000 - 0x00007ffe00170000 	C:\WINDOWS\System32\ucrtbase.dll
0x00007ffdec670000 - 0x00007ffdec90a000 	C:\WINDOWS\WinSxS\amd64_microsoft.windows.common-controls_6595b64144ccf1df_6.0.19041.1110_none_60b5254171f9507e\COMCTL32.dll
0x00007ffe01aa0000 - 0x00007ffe01b3e000 	C:\WINDOWS\System32\msvcrt.dll
0x00007ffe01130000 - 0x00007ffe01160000 	C:\WINDOWS\System32\IMM32.DLL
0x00007ffdfb170000 - 0x00007ffdfb186000 	C:\jdk-11\bin\vcruntime140.dll
0x00007ffdd1d90000 - 0x00007ffdd1e3a000 	C:\jdk-11\bin\msvcp140.dll
0x00007ffdcfdf0000 - 0x00007ffdd0931000 	C:\jdk-11\bin\server\jvm.dll
0x00007ffe01240000 - 0x00007ffe012ee000 	C:\WINDOWS\System32\ADVAPI32.dll
0x00007ffe01610000 - 0x00007ffe016ac000 	C:\WINDOWS\System32\sechost.dll
0x00007ffe014e0000 - 0x00007ffe01605000 	C:\WINDOWS\System32\RPCRT4.dll
0x00007ffe00860000 - 0x00007ffe00868000 	C:\WINDOWS\System32\PSAPI.DLL
0x00007ffde7440000 - 0x00007ffde7449000 	C:\WINDOWS\SYSTEM32\WSOCK32.dll
0x00007ffe01b50000 - 0x00007ffe01bbb000 	C:\WINDOWS\System32\WS2_32.dll
0x00007ffdeed90000 - 0x00007ffdeedb7000 	C:\WINDOWS\SYSTEM32\WINMM.dll
0x00007ffdf8e90000 - 0x00007ffdf8e9a000 	C:\WINDOWS\SYSTEM32\VERSION.dll
0x00007ffdfd980000 - 0x00007ffdfd992000 	C:\WINDOWS\SYSTEM32\kernel.appcore.dll
0x00007ffdfad70000 - 0x00007ffdfad81000 	C:\jdk-11\bin\verify.dll
0x00007ffde87b0000 - 0x00007ffde8994000 	C:\WINDOWS\SYSTEM32\DBGHELP.DLL
0x00007ffde8780000 - 0x00007ffde87ac000 	C:\WINDOWS\SYSTEM32\dbgcore.DLL
0x00007ffe001d0000 - 0x00007ffe00252000 	C:\WINDOWS\System32\bcryptPrimitives.dll
0x00007ffdfac30000 - 0x00007ffdfac58000 	C:\jdk-11\bin\java.dll
0x00007ffdefee0000 - 0x00007ffdeff0f000 	C:\jdk-11\bin\instrument.dll
0x00007ffdfabd0000 - 0x00007ffdfabe6000 	C:\jdk-11\bin\zip.dll
0x00007ffdfb4d0000 - 0x00007ffdfb4da000 	C:\jdk-11\bin\jimage.dll
0x00007ffe01bc0000 - 0x00007ffe02304000 	C:\WINDOWS\System32\SHELL32.dll
0x00007ffdfdb80000 - 0x00007ffdfe315000 	C:\WINDOWS\SYSTEM32\windows.storage.dll
0x00007ffe00500000 - 0x00007ffe00855000 	C:\WINDOWS\System32\combase.dll
0x00007ffdff4e0000 - 0x00007ffdff50e000 	C:\WINDOWS\SYSTEM32\Wldp.dll
0x00007ffe019f0000 - 0x00007ffe01a9d000 	C:\WINDOWS\System32\SHCORE.dll
0x00007ffe004a0000 - 0x00007ffe004f5000 	C:\WINDOWS\System32\shlwapi.dll
0x00007ffdff9d0000 - 0x00007ffdff9ef000 	C:\WINDOWS\SYSTEM32\profapi.dll
0x00007ffdfa350000 - 0x00007ffdfa369000 	C:\jdk-11\bin\net.dll
0x00007ffded9f0000 - 0x00007ffdedafc000 	C:\WINDOWS\SYSTEM32\WINHTTP.dll
0x00007ffdff240000 - 0x00007ffdff2aa000 	C:\WINDOWS\system32\mswsock.dll
0x00007ffdeff10000 - 0x00007ffdeff23000 	C:\jdk-11\bin\nio.dll
0x00007ffdef9d0000 - 0x00007ffdef9ea000 	C:\Program Files\JetBrains\IntelliJ IDEA Community Edition 2021.2.2\bin\breakgen64.dll
0x000001c659760000 - 0x000001c659763000 	C:\jdk-11\bin\api-ms-win-core-console-l1-1-0.dll
0x000001c659770000 - 0x000001c659773000 	C:\jdk-11\bin\api-ms-win-core-datetime-l1-1-0.dll
0x000001c67a670000 - 0x000001c67a673000 	C:\jdk-11\bin\api-ms-win-core-debug-l1-1-0.dll
0x000001c67a680000 - 0x000001c67a683000 	C:\jdk-11\bin\api-ms-win-core-errorhandling-l1-1-0.dll
0x000001c67a690000 - 0x000001c67a694000 	C:\jdk-11\bin\api-ms-win-core-file-l1-1-0.dll
0x000001c67a6a0000 - 0x000001c67a6a3000 	C:\jdk-11\bin\api-ms-win-core-file-l1-2-0.dll
0x000001c67a6b0000 - 0x000001c67a6b3000 	C:\jdk-11\bin\api-ms-win-core-file-l2-1-0.dll
0x000001c67a6c0000 - 0x000001c67a6c3000 	C:\jdk-11\bin\api-ms-win-core-handle-l1-1-0.dll
0x000001c67a6d0000 - 0x000001c67a6d3000 	C:\jdk-11\bin\api-ms-win-core-heap-l1-1-0.dll
0x000001c67a6e0000 - 0x000001c67a6e3000 	C:\jdk-11\bin\api-ms-win-core-interlocked-l1-1-0.dll
0x000001c67a6f0000 - 0x000001c67a6f3000 	C:\jdk-11\bin\api-ms-win-core-libraryloader-l1-1-0.dll
0x000001c67a700000 - 0x000001c67a703000 	C:\jdk-11\bin\api-ms-win-core-localization-l1-2-0.dll
0x000001c67a710000 - 0x000001c67a713000 	C:\jdk-11\bin\api-ms-win-core-memory-l1-1-0.dll
0x000001c67a720000 - 0x000001c67a723000 	C:\jdk-11\bin\api-ms-win-core-namedpipe-l1-1-0.dll
0x000001c67a730000 - 0x000001c67a733000 	C:\jdk-11\bin\api-ms-win-core-processenvironment-l1-1-0.dll
0x000001c67a740000 - 0x000001c67a743000 	C:\jdk-11\bin\api-ms-win-core-processthreads-l1-1-0.dll
0x000001c67a750000 - 0x000001c67a753000 	C:\jdk-11\bin\api-ms-win-core-processthreads-l1-1-1.dll
0x000001c67a760000 - 0x000001c67a763000 	C:\jdk-11\bin\api-ms-win-core-profile-l1-1-0.dll
0x000001c67a770000 - 0x000001c67a773000 	C:\jdk-11\bin\api-ms-win-core-rtlsupport-l1-1-0.dll
0x000001c67a780000 - 0x000001c67a783000 	C:\jdk-11\bin\api-ms-win-core-string-l1-1-0.dll
0x000001c67a790000 - 0x000001c67a793000 	C:\jdk-11\bin\api-ms-win-core-synch-l1-1-0.dll
0x000001c67a7a0000 - 0x000001c67a7a3000 	C:\jdk-11\bin\api-ms-win-core-synch-l1-2-0.dll
0x000001c67a7b0000 - 0x000001c67a7b3000 	C:\jdk-11\bin\api-ms-win-core-sysinfo-l1-1-0.dll
0x000001c67a7c0000 - 0x000001c67a7c3000 	C:\jdk-11\bin\api-ms-win-core-timezone-l1-1-0.dll
0x000001c67a7d0000 - 0x000001c67a7d3000 	C:\jdk-11\bin\api-ms-win-core-util-l1-1-0.dll
0x000001c67a7e0000 - 0x000001c67a7e3000 	C:\jdk-11\bin\api-ms-win-crt-conio-l1-1-0.dll
0x000001c67a7f0000 - 0x000001c67a7f4000 	C:\jdk-11\bin\api-ms-win-crt-convert-l1-1-0.dll
0x000001c67a800000 - 0x000001c67a803000 	C:\jdk-11\bin\api-ms-win-crt-environment-l1-1-0.dll
0x000001c67a810000 - 0x000001c67a813000 	C:\jdk-11\bin\api-ms-win-crt-filesystem-l1-1-0.dll
0x000001c67a820000 - 0x000001c67a823000 	C:\jdk-11\bin\api-ms-win-crt-heap-l1-1-0.dll
0x000001c67a830000 - 0x000001c67a833000 	C:\jdk-11\bin\api-ms-win-crt-locale-l1-1-0.dll
0x000001c67a840000 - 0x000001c67a845000 	C:\jdk-11\bin\api-ms-win-crt-math-l1-1-0.dll
0x000001c67a850000 - 0x000001c67a855000 	C:\jdk-11\bin\api-ms-win-crt-multibyte-l1-1-0.dll
0x000001c67a860000 - 0x000001c67a870000 	C:\jdk-11\bin\api-ms-win-crt-private-l1-1-0.dll
0x000001c67a870000 - 0x000001c67a873000 	C:\jdk-11\bin\api-ms-win-crt-process-l1-1-0.dll
0x000001c67aac0000 - 0x000001c67aac4000 	C:\jdk-11\bin\api-ms-win-crt-runtime-l1-1-0.dll
0x000001c67aad0000 - 0x000001c67aad4000 	C:\jdk-11\bin\api-ms-win-crt-stdio-l1-1-0.dll
0x000001c67aae0000 - 0x000001c67aae4000 	C:\jdk-11\bin\api-ms-win-crt-string-l1-1-0.dll
0x000001c67a880000 - 0x000001c67a883000 	C:\jdk-11\bin\api-ms-win-crt-time-l1-1-0.dll
0x000001c67a890000 - 0x000001c67a893000 	C:\jdk-11\bin\api-ms-win-crt-utility-l1-1-0.dll
0x00007ffdcfcf0000 - 0x00007ffdcfde6000 	C:\jdk-11\bin\ucrtbase.dll
0x00007ffde1420000 - 0x00007ffde1471000 	C:\Windows\System32\concrt140.dll
0x00007ffde1230000 - 0x00007ffde1253000 	C:\Users\Асемгуль\.openjfx\cache\11.0.2\prism_d3d.dll
0x00007ffdf9e10000 - 0x00007ffdf9fe0000 	C:\WINDOWS\system32\d3d9.dll
0x00007ffdfd7a0000 - 0x00007ffdfd7cf000 	C:\WINDOWS\SYSTEM32\dwmapi.dll
0x00007ffdfd4a0000 - 0x00007ffdfd53e000 	C:\WINDOWS\system32\uxtheme.dll
0x00007ffdcfb80000 - 0x00007ffdcfce3000 	C:\WINDOWS\System32\DriverStore\FileRepository\iigd_dch.inf_amd64_8f079a8a5c196b5d\igdumdim64.dll
0x00007ffdaa650000 - 0x00007ffdae092000 	C:\WINDOWS\System32\DriverStore\FileRepository\iigd_dch.inf_amd64_8f079a8a5c196b5d\igd9dxva64.dll
0x00007ffe018c0000 - 0x00007ffe019ea000 	C:\WINDOWS\System32\ole32.dll
0x00007ffe012f0000 - 0x00007ffe013bd000 	C:\WINDOWS\System32\OLEAUT32.dll
0x00007ffe00930000 - 0x00007ffe00da2000 	C:\WINDOWS\System32\SETUPAPI.dll
0x00007ffe00370000 - 0x00007ffe003be000 	C:\WINDOWS\System32\cfgmgr32.dll
0x00007ffdffa90000 - 0x00007ffdffab7000 	C:\WINDOWS\System32\bcrypt.dll
0x00007ffdf4230000 - 0x00007ffdf446f000 	C:\WINDOWS\System32\DriverStore\FileRepository\iigd_dch.inf_amd64_8f079a8a5c196b5d\igdgmm64.dll
0x00007ffdd4c10000 - 0x00007ffdd4c55000 	C:\Users\Асемгуль\.openjfx\cache\11.0.2\glass.dll
0x00007ffe01160000 - 0x00007ffe0123a000 	C:\WINDOWS\System32\COMDLG32.dll
0x00007ffe013c0000 - 0x00007ffe014d5000 	C:\WINDOWS\System32\MSCTF.dll
0x00007ffdd6e40000 - 0x00007ffdd6e67000 	C:\WINDOWS\System32\DriverStore\FileRepository\iigd_dch.inf_amd64_8f079a8a5c196b5d\igdinfo64.dll
0x00007ffdff440000 - 0x00007ffdff458000 	C:\WINDOWS\SYSTEM32\CRYPTSP.dll
0x00007ffdfeb50000 - 0x00007ffdfeb84000 	C:\WINDOWS\system32\rsaenh.dll
0x00007ffdff430000 - 0x00007ffdff43c000 	C:\WINDOWS\SYSTEM32\CRYPTBASE.dll
0x00007ffdf1660000 - 0x00007ffdf4229000 	C:\WINDOWS\System32\DriverStore\FileRepository\iigd_dch.inf_amd64_8f079a8a5c196b5d\igc64.dll
0x00007ffdf6a00000 - 0x00007ffdf6a3b000 	C:\WINDOWS\SYSTEM32\dxcore.dll
0x00007ffdef9b0000 - 0x00007ffdef9c4000 	C:\Users\Асемгуль\.openjfx\cache\11.0.2\javafx_font.dll
0x00007ffdf0ed0000 - 0x00007ffdf1153000 	C:\WINDOWS\SYSTEM32\dwrite.dll
0x00007ffe00e50000 - 0x00007ffe00ef9000 	C:\WINDOWS\System32\clbcatq.dll
0x00007ffdf8c00000 - 0x00007ffdf8db4000 	C:\WINDOWS\SYSTEM32\WindowsCodecs.dll
0x00007ffde2450000 - 0x00007ffde248e000 	C:\WINDOWS\system32\dataexchange.dll
0x00007ffdfbf80000 - 0x00007ffdfc1e4000 	C:\WINDOWS\system32\d3d11.dll
0x00007ffdfc7c0000 - 0x00007ffdfc9a5000 	C:\WINDOWS\system32\dcomp.dll
0x00007ffdfe380000 - 0x00007ffdfe474000 	C:\WINDOWS\system32\dxgi.dll
0x00007ffdf91e0000 - 0x00007ffdf93e1000 	C:\WINDOWS\system32\twinapi.appcore.dll
0x00007ffdd6fc0000 - 0x00007ffdd6ff4000 	C:\Program Files\Common Files\Microsoft Shared\Ink\rtscom.dll
0x00007ffdf45d0000 - 0x00007ffdf46c9000 	C:\WINDOWS\SYSTEM32\textinputframework.dll
0x00007ffdfcd30000 - 0x00007ffdfd08e000 	C:\WINDOWS\System32\CoreUIComponents.dll
0x00007ffdfd090000 - 0x00007ffdfd182000 	C:\WINDOWS\System32\CoreMessaging.dll
0x00007ffdfb9c0000 - 0x00007ffdfbb14000 	C:\WINDOWS\SYSTEM32\wintypes.dll
0x00007ffdfe780000 - 0x00007ffdfe7b3000 	C:\WINDOWS\SYSTEM32\ntmarta.dll

dbghelp: loaded successfully - version: 4.0.5 - missing functions: none
symbol engine: initialized successfully - sym options: 0x614 - pdb path: .;C:\jdk-11\bin;C:\WINDOWS\SYSTEM32;C:\WINDOWS\WinSxS\amd64_microsoft.windows.common-controls_6595b64144ccf1df_6.0.19041.1110_none_60b5254171f9507e;C:\jdk-11\bin\server;C:\Program Files\JetBrains\IntelliJ IDEA Community Edition 2021.2.2\bin;C:\Users\Асемгуль\.openjfx\cache\11.0.2;C:\WINDOWS\System32\DriverStore\FileRepository\iigd_dch.inf_amd64_8f079a8a5c196b5d;C:\Program Files\Common Files\Microsoft Shared\Ink

VM Arguments:
jvm_args: -javaagent:C:\Program Files\JetBrains\IntelliJ IDEA Community Edition 2021.2.2\lib\idea_rt.jar=57054:C:\Program Files\JetBrains\IntelliJ IDEA Community Edition 2021.2.2\bin -Dfile.encoding=UTF-8 --module-path=C:\Users\Асемгуль\.m2\repository\org\openjfx\javafx-media\11.0.2\javafx-media-11.0.2-win.jar;C:\Users\Асемгуль\.m2\repository\org\openjfx\javafx-graphics\11.0.2\javafx-graphics-11.0.2-win.jar;C:\Users\Асемгуль\.m2\repository\com\dlsc\formsfx\formsfx-core\11.3.2\formsfx-core-11.3.2.jar;C:\Users\Асемгуль\.m2\repository\org\openjfx\javafx-web\11.0.2\javafx-web-11.0.2-win.jar;C:\Users\Асемгуль\.m2\repository\org\openjfx\javafx-controls\11.0.2\javafx-controls-11.0.2-win.jar;C:\java\Chat\demo\target\classes;C:\Users\Асемгуль\.m2\repository\org\openjfx\javafx-base\11.0.2\javafx-base-11.0.2-win.jar;C:\Users\Асемгуль\.m2\repository\eu\hansolo\tilesfx\11.48\tilesfx-11.48.jar;C:\Users\Асемгуль\.m2\repository\org\kordamp\bootstrapfx\bootstrapfx-core\0.4.0\bootstrapfx-core-0.4.0.jar;C:\Users\Асемгуль\.m2\repository\org\kordamp\ikonli\ikonli-core\12.2.0\ikonli-core-12.2.0.jar;C:\Users\Асемгуль\.m2\repository\net\synedra\validatorfx\0.1.13\validatorfx-0.1.13.jar;C:\Users\Асемгуль\.m2\repository\org\openjfx\javafx-fxml\11.0.2\javafx-fxml-11.0.2-win.jar;C:\Users\Асемгуль\.m2\repository\org\controlsfx\controlsfx\11.1.0\controlsfx-11.1.0.jar;C:\Users\Асемгуль\.m2\repository\org\kordamp\ikonli\ikonli-javafx\12.2.0\ikonli-javafx-12.2.0.jar -Djdk.module.main=com.example.demo 
java_command: com.example.demo/com.example.demo.HelloApplication
java_class_path (initial): C:\Users\Асемгуль\.m2\repository\org\openjfx\javafx-controls\11.0.2\javafx-controls-11.0.2.jar;C:\Users\Асемгуль\.m2\repository\org\openjfx\javafx-graphics\11.0.2\javafx-graphics-11.0.2.jar;C:\Users\Асемгуль\.m2\repository\org\openjfx\javafx-base\11.0.2\javafx-base-11.0.2.jar;C:\Users\Асемгуль\.m2\repository\org\openjfx\javafx-fxml\11.0.2\javafx-fxml-11.0.2.jar;C:\Users\Асемгуль\.m2\repository\org\openjfx\javafx-web\11.0.2\javafx-web-11.0.2.jar;C:\Users\Асемгуль\.m2\repository\org\openjfx\javafx-media\11.0.2\javafx-media-11.0.2.jar
Launcher Type: SUN_STANDARD

[Global flags]
     intx CICompilerCount                          = 3                                         {product} {ergonomic}
     uint ConcGCThreads                            = 1                                         {product} {ergonomic}
     uint G1ConcRefinementThreads                  = 4                                         {product} {ergonomic}
   size_t G1HeapRegionSize                         = 1048576                                   {product} {ergonomic}
    uintx GCDrainStackTargetSize                   = 64                                        {product} {ergonomic}
   size_t InitialHeapSize                          = 134217728                                 {product} {ergonomic}
   size_t MarkStackSize                            = 4194304                                   {product} {ergonomic}
   size_t MaxHeapSize                              = 2124414976                                {product} {ergonomic}
   size_t MaxNewSize                               = 1274019840                                {product} {ergonomic}
   size_t MinHeapDeltaBytes                        = 1048576                                   {product} {ergonomic}
    uintx NonNMethodCodeHeapSize                   = 5830092                                {pd product} {ergonomic}
    uintx NonProfiledCodeHeapSize                  = 122914074                              {pd product} {ergonomic}
    uintx ProfiledCodeHeapSize                     = 122914074                              {pd product} {ergonomic}
    uintx ReservedCodeCacheSize                    = 251658240                              {pd product} {ergonomic}
     bool SegmentedCodeCache                       = true                                      {product} {ergonomic}
     bool UseCompressedClassPointers               = true                                 {lp64_product} {ergonomic}
     bool UseCompressedOops                        = true                                 {lp64_product} {ergonomic}
     bool UseG1GC                                  = true                                      {product} {ergonomic}
     bool UseLargePagesIndividualAllocation        = false                                  {pd product} {ergonomic}

Logging:
Log output configuration:
 #0: stdout all=warning uptime,level,tags
 #1: stderr all=off uptime,level,tags

Environment Variables:
PATH=C:\ProgramData\Oracle\Java\javapath;C:\Program Files (x86)\Common Files\Oracle\Java\javapath;C:\WINDOWS\system32;C:\WINDOWS;C:\WINDOWS\System32\Wbem;C:\WINDOWS\System32\WindowsPowerShell\v1.0\;C:\WINDOWS\System32\OpenSSH\;C:\Program Files (x86)\Common Files\Propellerhead Software\ReWire\;C:\Program Files\Common Files\Propellerhead Software\ReWire\;C:\Program Files\Git\cmd;C:\Program Files\PuTTY\;C:\Users\Асемгуль\AppData\Local\Microsoft\WindowsApps;C:\Users\Асемгуль\AppData\Local\Programs\Microsoft VS Code\bin
USERNAME=Асемгуль
OS=Windows_NT
PROCESSOR_IDENTIFIER=Intel64 Family 6 Model 142 Stepping 10, GenuineIntel



---------------  S Y S T E M  ---------------

OS: Windows 10 , 64 bit Build 19041 (10.0.19041.1466)

CPU:total 4 (initial active 4) (2 cores per cpu, 2 threads per core) family 6 model 142 stepping 10, cmov, cx8, fxsr, mmx, sse, sse2, sse3, ssse3, sse4.1, sse4.2, popcnt, avx, avx2, aes, clmul, erms, 3dnowpref, lzcnt, ht, tsc, tscinvbit, bmi1, bmi2, adx, fma

Memory: 4k page, system-wide physical 8101M (421M free)
TotalPageFile size 16001M (AvailPageFile size 4M)
current process WorkingSet (physical memory assigned to process): 164M, peak: 164M
current process commit charge ("private bytes"): 273M, peak: 274M

vm_info: OpenJDK 64-Bit Server VM (11+28) for windows-amd64 JRE (11+28), built on Aug 23 2018 03:04:58 by "mach5one" with MS VC++ 15.5 (VS2017)

END.
